CRITICAL - 2022-06-02 00:01:02 --> Reading Exif data is not supported by this PHP installation.
#0 /home/mijar/public_html/app/ThirdParty/intervention-image/vendor/intervention/image/src/Intervention/Image/AbstractDriver.php(94): Intervention\Image\Commands\ExifCommand->execute(Object(Intervention\Image\Image))
#1 /home/mijar/public_html/app/ThirdParty/intervention-image/vendor/intervention/image/src/Intervention/Image/Image.php(108): Intervention\Image\AbstractDriver->executeCommand(Object(Intervention\Image\Image), 'exif', Array)
#2 /home/mijar/public_html/app/ThirdParty/intervention-image/vendor/intervention/image/src/Intervention/Image/Commands/OrientateCommand.php(15): Intervention\Image\Image->__call('exif', Array)
#3 /home/mijar/public_html/app/ThirdParty/intervention-image/vendor/intervention/image/src/Intervention/Image/AbstractDriver.php(94): Intervention\Image\Commands\OrientateCommand->execute(Object(Intervention\Image\Image))
#4 /home/mijar/public_html/app/ThirdParty/intervention-image/vendor/intervention/image/src/Intervention/Image/Image.php(108): Intervention\Image\AbstractDriver->executeCommand(Object(Intervention\Image\Image), 'orientate', Array)
#5 /home/mijar/public_html/app/Models/UploadModel.php(137): Intervention\Image\Image->__call('orientate', Array)
#6 /home/mijar/public_html/app/Models/GalleryModel.php(57): App\Models\UploadModel->uploadGalleryImage('/home/mijar/pub...', 1920)
#7 /home/mijar/public_html/app/Controllers/GalleryController.php(58): App\Models\GalleryModel->addImage()
#8 /home/mijar/public_html/system/CodeIgniter.php(831): App\Controllers\GalleryController->addImagePost()
#9 /home/mijar/public_html/system/CodeIgniter.php(418): CodeIgniter\CodeIgniter->runController(Object(App\Controllers\GalleryController))
#10 /home/mijar/public_html/system/CodeIgniter.php(325): CodeIgniter\CodeIgniter->handleRequest(NULL, Object(Config\Cache), false)
#11 /home/mijar/public_html/index.php(47): CodeIgniter\CodeIgniter->run()
#12 {main}
CRITICAL - 2022-06-02 00:05:06 --> Reading Exif data is not supported by this PHP installation.
#0 /home/mijar/public_html/app/ThirdParty/intervention-image/vendor/intervention/image/src/Intervention/Image/AbstractDriver.php(94): Intervention\Image\Commands\ExifCommand->execute(Object(Intervention\Image\Image))
#1 /home/mijar/public_html/app/ThirdParty/intervention-image/vendor/intervention/image/src/Intervention/Image/Image.php(108): Intervention\Image\AbstractDriver->executeCommand(Object(Intervention\Image\Image), 'exif', Array)
#2 /home/mijar/public_html/app/ThirdParty/intervention-image/vendor/intervention/image/src/Intervention/Image/Commands/OrientateCommand.php(15): Intervention\Image\Image->__call('exif', Array)
#3 /home/mijar/public_html/app/ThirdParty/intervention-image/vendor/intervention/image/src/Intervention/Image/AbstractDriver.php(94): Intervention\Image\Commands\OrientateCommand->execute(Object(Intervention\Image\Image))
#4 /home/mijar/public_html/app/ThirdParty/intervention-image/vendor/intervention/image/src/Intervention/Image/Image.php(108): Intervention\Image\AbstractDriver->executeCommand(Object(Intervention\Image\Image), 'orientate', Array)
#5 /home/mijar/public_html/app/Models/UploadModel.php(137): Intervention\Image\Image->__call('orientate', Array)
#6 /home/mijar/public_html/app/Models/GalleryModel.php(57): App\Models\UploadModel->uploadGalleryImage('/home/mijar/pub...', 1920)
#7 /home/mijar/public_html/app/Controllers/GalleryController.php(58): App\Models\GalleryModel->addImage()
#8 /home/mijar/public_html/system/CodeIgniter.php(831): App\Controllers\GalleryController->addImagePost()
#9 /home/mijar/public_html/system/CodeIgniter.php(418): CodeIgniter\CodeIgniter->runController(Object(App\Controllers\GalleryController))
#10 /home/mijar/public_html/system/CodeIgniter.php(325): CodeIgniter\CodeIgniter->handleRequest(NULL, Object(Config\Cache), false)
#11 /home/mijar/public_html/index.php(47): CodeIgniter\CodeIgniter->run()
#12 {main}
CRITICAL - 2022-06-02 00:16:06 --> Reading Exif data is not supported by this PHP installation.
#0 /home/mijar/public_html/app/ThirdParty/intervention-image/vendor/intervention/image/src/Intervention/Image/AbstractDriver.php(94): Intervention\Image\Commands\ExifCommand->execute(Object(Intervention\Image\Image))
#1 /home/mijar/public_html/app/ThirdParty/intervention-image/vendor/intervention/image/src/Intervention/Image/Image.php(108): Intervention\Image\AbstractDriver->executeCommand(Object(Intervention\Image\Image), 'exif', Array)
#2 /home/mijar/public_html/app/ThirdParty/intervention-image/vendor/intervention/image/src/Intervention/Image/Commands/OrientateCommand.php(15): Intervention\Image\Image->__call('exif', Array)
#3 /home/mijar/public_html/app/ThirdParty/intervention-image/vendor/intervention/image/src/Intervention/Image/AbstractDriver.php(94): Intervention\Image\Commands\OrientateCommand->execute(Object(Intervention\Image\Image))
#4 /home/mijar/public_html/app/ThirdParty/intervention-image/vendor/intervention/image/src/Intervention/Image/Image.php(108): Intervention\Image\AbstractDriver->executeCommand(Object(Intervention\Image\Image), 'orientate', Array)
#5 /home/mijar/public_html/app/Models/UploadModel.php(91): Intervention\Image\Image->__call('orientate', Array)
#6 /home/mijar/public_html/app/Models/FileModel.php(40): App\Models\UploadModel->uploadPostImage('uploads/tmp/tem...', 'big')
#7 /home/mijar/public_html/app/Controllers/FileController.php(29): App\Models\FileModel->uploadImage()
#8 /home/mijar/public_html/system/CodeIgniter.php(831): App\Controllers\FileController->uploadImage()
#9 /home/mijar/public_html/system/CodeIgniter.php(418): CodeIgniter\CodeIgniter->runController(Object(App\Controllers\FileController))
#10 /home/mijar/public_html/system/CodeIgniter.php(325): CodeIgniter\CodeIgniter->handleRequest(NULL, Object(Config\Cache), false)
#11 /home/mijar/public_html/index.php(47): CodeIgniter\CodeIgniter->run()
#12 {main}
CRITICAL - 2022-06-02 00:21:51 --> Reading Exif data is not supported by this PHP installation.
#0 /home/mijar/public_html/app/ThirdParty/intervention-image/vendor/intervention/image/src/Intervention/Image/AbstractDriver.php(94): Intervention\Image\Commands\ExifCommand->execute(Object(Intervention\Image\Image))
#1 /home/mijar/public_html/app/ThirdParty/intervention-image/vendor/intervention/image/src/Intervention/Image/Image.php(108): Intervention\Image\AbstractDriver->executeCommand(Object(Intervention\Image\Image), 'exif', Array)
#2 /home/mijar/public_html/app/ThirdParty/intervention-image/vendor/intervention/image/src/Intervention/Image/Commands/OrientateCommand.php(15): Intervention\Image\Image->__call('exif', Array)
#3 /home/mijar/public_html/app/ThirdParty/intervention-image/vendor/intervention/image/src/Intervention/Image/AbstractDriver.php(94): Intervention\Image\Commands\OrientateCommand->execute(Object(Intervention\Image\Image))
#4 /home/mijar/public_html/app/ThirdParty/intervention-image/vendor/intervention/image/src/Intervention/Image/Image.php(108): Intervention\Image\AbstractDriver->executeCommand(Object(Intervention\Image\Image), 'orientate', Array)
#5 /home/mijar/public_html/app/Models/UploadModel.php(91): Intervention\Image\Image->__call('orientate', Array)
#6 /home/mijar/public_html/app/Models/FileModel.php(40): App\Models\UploadModel->uploadPostImage('uploads/tmp/tem...', 'big')
#7 /home/mijar/public_html/app/Controllers/FileController.php(29): App\Models\FileModel->uploadImage()
#8 /home/mijar/public_html/system/CodeIgniter.php(831): App\Controllers\FileController->uploadImage()
#9 /home/mijar/public_html/system/CodeIgniter.php(418): CodeIgniter\CodeIgniter->runController(Object(App\Controllers\FileController))
#10 /home/mijar/public_html/system/CodeIgniter.php(325): CodeIgniter\CodeIgniter->handleRequest(NULL, Object(Config\Cache), false)
#11 /home/mijar/public_html/index.php(47): CodeIgniter\CodeIgniter->run()
#12 {main}
CRITICAL - 2022-06-02 09:22:30 --> Reading Exif data is not supported by this PHP installation.
#0 /home/mijar/public_html/app/ThirdParty/intervention-image/vendor/intervention/image/src/Intervention/Image/AbstractDriver.php(94): Intervention\Image\Commands\ExifCommand->execute(Object(Intervention\Image\Image))
#1 /home/mijar/public_html/app/ThirdParty/intervention-image/vendor/intervention/image/src/Intervention/Image/Image.php(108): Intervention\Image\AbstractDriver->executeCommand(Object(Intervention\Image\Image), 'exif', Array)
#2 /home/mijar/public_html/app/ThirdParty/intervention-image/vendor/intervention/image/src/Intervention/Image/Commands/OrientateCommand.php(15): Intervention\Image\Image->__call('exif', Array)
#3 /home/mijar/public_html/app/ThirdParty/intervention-image/vendor/intervention/image/src/Intervention/Image/AbstractDriver.php(94): Intervention\Image\Commands\OrientateCommand->execute(Object(Intervention\Image\Image))
#4 /home/mijar/public_html/app/ThirdParty/intervention-image/vendor/intervention/image/src/Intervention/Image/Image.php(108): Intervention\Image\AbstractDriver->executeCommand(Object(Intervention\Image\Image), 'orientate', Array)
#5 /home/mijar/public_html/app/Models/UploadModel.php(91): Intervention\Image\Image->__call('orientate', Array)
#6 /home/mijar/public_html/app/Models/FileModel.php(40): App\Models\UploadModel->uploadPostImage('uploads/tmp/tem...', 'big')
#7 /home/mijar/public_html/app/Controllers/FileController.php(29): App\Models\FileModel->uploadImage()
#8 /home/mijar/public_html/system/CodeIgniter.php(831): App\Controllers\FileController->uploadImage()
#9 /home/mijar/public_html/system/CodeIgniter.php(418): CodeIgniter\CodeIgniter->runController(Object(App\Controllers\FileController))
#10 /home/mijar/public_html/system/CodeIgniter.php(325): CodeIgniter\CodeIgniter->handleRequest(NULL, Object(Config\Cache), false)
#11 /home/mijar/public_html/index.php(47): CodeIgniter\CodeIgniter->run()
#12 {main}
CRITICAL - 2022-06-02 09:22:54 --> Reading Exif data is not supported by this PHP installation.
#0 /home/mijar/public_html/app/ThirdParty/intervention-image/vendor/intervention/image/src/Intervention/Image/AbstractDriver.php(94): Intervention\Image\Commands\ExifCommand->execute(Object(Intervention\Image\Image))
#1 /home/mijar/public_html/app/ThirdParty/intervention-image/vendor/intervention/image/src/Intervention/Image/Image.php(108): Intervention\Image\AbstractDriver->executeCommand(Object(Intervention\Image\Image), 'exif', Array)
#2 /home/mijar/public_html/app/ThirdParty/intervention-image/vendor/intervention/image/src/Intervention/Image/Commands/OrientateCommand.php(15): Intervention\Image\Image->__call('exif', Array)
#3 /home/mijar/public_html/app/ThirdParty/intervention-image/vendor/intervention/image/src/Intervention/Image/AbstractDriver.php(94): Intervention\Image\Commands\OrientateCommand->execute(Object(Intervention\Image\Image))
#4 /home/mijar/public_html/app/ThirdParty/intervention-image/vendor/intervention/image/src/Intervention/Image/Image.php(108): Intervention\Image\AbstractDriver->executeCommand(Object(Intervention\Image\Image), 'orientate', Array)
#5 /home/mijar/public_html/app/Models/UploadModel.php(91): Intervention\Image\Image->__call('orientate', Array)
#6 /home/mijar/public_html/app/Models/FileModel.php(40): App\Models\UploadModel->uploadPostImage('uploads/tmp/tem...', 'big')
#7 /home/mijar/public_html/app/Controllers/FileController.php(29): App\Models\FileModel->uploadImage()
#8 /home/mijar/public_html/system/CodeIgniter.php(831): App\Controllers\FileController->uploadImage()
#9 /home/mijar/public_html/system/CodeIgniter.php(418): CodeIgniter\CodeIgniter->runController(Object(App\Controllers\FileController))
#10 /home/mijar/public_html/system/CodeIgniter.php(325): CodeIgniter\CodeIgniter->handleRequest(NULL, Object(Config\Cache), false)
#11 /home/mijar/public_html/index.php(47): CodeIgniter\CodeIgniter->run()
#12 {main}
CRITICAL - 2022-06-02 09:32:35 --> Reading Exif data is not supported by this PHP installation.
#0 /home/mijar/public_html/app/ThirdParty/intervention-image/vendor/intervention/image/src/Intervention/Image/AbstractDriver.php(94): Intervention\Image\Commands\ExifCommand->execute(Object(Intervention\Image\Image))
#1 /home/mijar/public_html/app/ThirdParty/intervention-image/vendor/intervention/image/src/Intervention/Image/Image.php(108): Intervention\Image\AbstractDriver->executeCommand(Object(Intervention\Image\Image), 'exif', Array)
#2 /home/mijar/public_html/app/ThirdParty/intervention-image/vendor/intervention/image/src/Intervention/Image/Commands/OrientateCommand.php(15): Intervention\Image\Image->__call('exif', Array)
#3 /home/mijar/public_html/app/ThirdParty/intervention-image/vendor/intervention/image/src/Intervention/Image/AbstractDriver.php(94): Intervention\Image\Commands\OrientateCommand->execute(Object(Intervention\Image\Image))
#4 /home/mijar/public_html/app/ThirdParty/intervention-image/vendor/intervention/image/src/Intervention/Image/Image.php(108): Intervention\Image\AbstractDriver->executeCommand(Object(Intervention\Image\Image), 'orientate', Array)
#5 /home/mijar/public_html/app/Models/UploadModel.php(91): Intervention\Image\Image->__call('orientate', Array)
#6 /home/mijar/public_html/app/Models/FileModel.php(40): App\Models\UploadModel->uploadPostImage('uploads/tmp/tem...', 'big')
#7 /home/mijar/public_html/app/Controllers/FileController.php(29): App\Models\FileModel->uploadImage()
#8 /home/mijar/public_html/system/CodeIgniter.php(831): App\Controllers\FileController->uploadImage()
#9 /home/mijar/public_html/system/CodeIgniter.php(418): CodeIgniter\CodeIgniter->runController(Object(App\Controllers\FileController))
#10 /home/mijar/public_html/system/CodeIgniter.php(325): CodeIgniter\CodeIgniter->handleRequest(NULL, Object(Config\Cache), false)
#11 /home/mijar/public_html/index.php(47): CodeIgniter\CodeIgniter->run()
#12 {main}
CRITICAL - 2022-06-02 09:32:39 --> Reading Exif data is not supported by this PHP installation.
#0 /home/mijar/public_html/app/ThirdParty/intervention-image/vendor/intervention/image/src/Intervention/Image/AbstractDriver.php(94): Intervention\Image\Commands\ExifCommand->execute(Object(Intervention\Image\Image))
#1 /home/mijar/public_html/app/ThirdParty/intervention-image/vendor/intervention/image/src/Intervention/Image/Image.php(108): Intervention\Image\AbstractDriver->executeCommand(Object(Intervention\Image\Image), 'exif', Array)
#2 /home/mijar/public_html/app/ThirdParty/intervention-image/vendor/intervention/image/src/Intervention/Image/Commands/OrientateCommand.php(15): Intervention\Image\Image->__call('exif', Array)
#3 /home/mijar/public_html/app/ThirdParty/intervention-image/vendor/intervention/image/src/Intervention/Image/AbstractDriver.php(94): Intervention\Image\Commands\OrientateCommand->execute(Object(Intervention\Image\Image))
#4 /home/mijar/public_html/app/ThirdParty/intervention-image/vendor/intervention/image/src/Intervention/Image/Image.php(108): Intervention\Image\AbstractDriver->executeCommand(Object(Intervention\Image\Image), 'orientate', Array)
#5 /home/mijar/public_html/app/Models/UploadModel.php(91): Intervention\Image\Image->__call('orientate', Array)
#6 /home/mijar/public_html/app/Models/FileModel.php(40): App\Models\UploadModel->uploadPostImage('uploads/tmp/tem...', 'big')
#7 /home/mijar/public_html/app/Controllers/FileController.php(29): App\Models\FileModel->uploadImage()
#8 /home/mijar/public_html/system/CodeIgniter.php(831): App\Controllers\FileController->uploadImage()
#9 /home/mijar/public_html/system/CodeIgniter.php(418): CodeIgniter\CodeIgniter->runController(Object(App\Controllers\FileController))
#10 /home/mijar/public_html/system/CodeIgniter.php(325): CodeIgniter\CodeIgniter->handleRequest(NULL, Object(Config\Cache), false)
#11 /home/mijar/public_html/index.php(47): CodeIgniter\CodeIgniter->run()
#12 {main}
CRITICAL - 2022-06-02 09:34:48 --> Reading Exif data is not supported by this PHP installation.
#0 /home/mijar/public_html/app/ThirdParty/intervention-image/vendor/intervention/image/src/Intervention/Image/AbstractDriver.php(94): Intervention\Image\Commands\ExifCommand->execute(Object(Intervention\Image\Image))
#1 /home/mijar/public_html/app/ThirdParty/intervention-image/vendor/intervention/image/src/Intervention/Image/Image.php(108): Intervention\Image\AbstractDriver->executeCommand(Object(Intervention\Image\Image), 'exif', Array)
#2 /home/mijar/public_html/app/ThirdParty/intervention-image/vendor/intervention/image/src/Intervention/Image/Commands/OrientateCommand.php(15): Intervention\Image\Image->__call('exif', Array)
#3 /home/mijar/public_html/app/ThirdParty/intervention-image/vendor/intervention/image/src/Intervention/Image/AbstractDriver.php(94): Intervention\Image\Commands\OrientateCommand->execute(Object(Intervention\Image\Image))
#4 /home/mijar/public_html/app/ThirdParty/intervention-image/vendor/intervention/image/src/Intervention/Image/Image.php(108): Intervention\Image\AbstractDriver->executeCommand(Object(Intervention\Image\Image), 'orientate', Array)
#5 /home/mijar/public_html/app/Models/UploadModel.php(91): Intervention\Image\Image->__call('orientate', Array)
#6 /home/mijar/public_html/app/Models/FileModel.php(40): App\Models\UploadModel->uploadPostImage('uploads/tmp/tem...', 'big')
#7 /home/mijar/public_html/app/Controllers/FileController.php(29): App\Models\FileModel->uploadImage()
#8 /home/mijar/public_html/system/CodeIgniter.php(831): App\Controllers\FileController->uploadImage()
#9 /home/mijar/public_html/system/CodeIgniter.php(418): CodeIgniter\CodeIgniter->runController(Object(App\Controllers\FileController))
#10 /home/mijar/public_html/system/CodeIgniter.php(325): CodeIgniter\CodeIgniter->handleRequest(NULL, Object(Config\Cache), false)
#11 /home/mijar/public_html/index.php(47): CodeIgniter\CodeIgniter->run()
#12 {main}
CRITICAL - 2022-06-02 09:36:14 --> Reading Exif data is not supported by this PHP installation.
#0 /home/mijar/public_html/app/ThirdParty/intervention-image/vendor/intervention/image/src/Intervention/Image/AbstractDriver.php(94): Intervention\Image\Commands\ExifCommand->execute(Object(Intervention\Image\Image))
#1 /home/mijar/public_html/app/ThirdParty/intervention-image/vendor/intervention/image/src/Intervention/Image/Image.php(108): Intervention\Image\AbstractDriver->executeCommand(Object(Intervention\Image\Image), 'exif', Array)
#2 /home/mijar/public_html/app/ThirdParty/intervention-image/vendor/intervention/image/src/Intervention/Image/Commands/OrientateCommand.php(15): Intervention\Image\Image->__call('exif', Array)
#3 /home/mijar/public_html/app/ThirdParty/intervention-image/vendor/intervention/image/src/Intervention/Image/AbstractDriver.php(94): Intervention\Image\Commands\OrientateCommand->execute(Object(Intervention\Image\Image))
#4 /home/mijar/public_html/app/ThirdParty/intervention-image/vendor/intervention/image/src/Intervention/Image/Image.php(108): Intervention\Image\AbstractDriver->executeCommand(Object(Intervention\Image\Image), 'orientate', Array)
#5 /home/mijar/public_html/app/Models/UploadModel.php(91): Intervention\Image\Image->__call('orientate', Array)
#6 /home/mijar/public_html/app/Models/FileModel.php(40): App\Models\UploadModel->uploadPostImage('uploads/tmp/tem...', 'big')
#7 /home/mijar/public_html/app/Controllers/FileController.php(29): App\Models\FileModel->uploadImage()
#8 /home/mijar/public_html/system/CodeIgniter.php(831): App\Controllers\FileController->uploadImage()
#9 /home/mijar/public_html/system/CodeIgniter.php(418): CodeIgniter\CodeIgniter->runController(Object(App\Controllers\FileController))
#10 /home/mijar/public_html/system/CodeIgniter.php(325): CodeIgniter\CodeIgniter->handleRequest(NULL, Object(Config\Cache), false)
#11 /home/mijar/public_html/index.php(47): CodeIgniter\CodeIgniter->run()
#12 {main}
ERROR - 2022-06-02 02:39:37 --> Table 'mijar_ar.ci_sessions' doesn't exist
CRITICAL - 2022-06-02 02:39:37 --> Call to a member function getRow() on bool
#0 [internal function]: CodeIgniter\Session\Handlers\DatabaseHandler->read('a823e18f0f1e90d...')
#1 /home/mijar/public_html/system/Session/Session.php(894): session_start()
#2 /home/mijar/public_html/system/Session/Session.php(238): CodeIgniter\Session\Session->startSession()
#3 /home/mijar/public_html/system/Config/Services.php(577): CodeIgniter\Session\Session->start()
#4 /home/mijar/public_html/system/Config/BaseService.php(248): CodeIgniter\Config\Services::session(Object(Config\App), false)
#5 /home/mijar/public_html/system/Config/BaseService.php(189): CodeIgniter\Config\BaseService::__callStatic('session', Array)
#6 /home/mijar/public_html/system/Config/Services.php(563): CodeIgniter\Config\BaseService::getSharedInstance('session', NULL)
#7 /home/mijar/public_html/system/Config/BaseService.php(248): CodeIgniter\Config\Services::session()
#8 /home/mijar/public_html/app/Config/Globals.php(27): CodeIgniter\Config\BaseService::__callStatic('session', Array)
#9 /home/mijar/public_html/app/Config/Globals.php(108): Config\Globals::setGlobals()
#10 /home/mijar/public_html/system/Autoloader/Autoloader.php(264): include_once('/home/mijar/pub...')
#11 /home/mijar/public_html/system/Autoloader/Autoloader.php(241): CodeIgniter\Autoloader\Autoloader->includeFile('/home/mijar/pub...')
#12 /home/mijar/public_html/system/Autoloader/Autoloader.php(219): CodeIgniter\Autoloader\Autoloader->loadInNamespace('Config\\Globals')
#13 [internal function]: CodeIgniter\Autoloader\Autoloader->loadClass('Config\\Globals')
#14 /home/mijar/public_html/app/Config/Routes.php(7): spl_autoload_call('Config\\Globals')
#15 /home/mijar/public_html/system/CodeIgniter.php(712): require('/home/mijar/pub...')
#16 /home/mijar/public_html/system/CodeIgniter.php(367): CodeIgniter\CodeIgniter->tryToRouteIt(Object(CodeIgniter\Router\RouteCollection))
#17 /home/mijar/public_html/system/CodeIgniter.php(325): CodeIgniter\CodeIgniter->handleRequest(NULL, Object(Config\Cache), false)
#18 /home/mijar/public_html/index.php(47): CodeIgniter\CodeIgniter->run()
#19 {main}
ERROR - 2022-06-02 02:39:37 --> Table 'mijar_ar.ci_sessions' doesn't exist
CRITICAL - 2022-06-02 02:39:37 --> Call to a member function getRow() on bool
#0 [internal function]: CodeIgniter\Session\Handlers\DatabaseHandler->read('a823e18f0f1e90d...')
#1 /home/mijar/public_html/system/Session/Session.php(894): session_start()
#2 /home/mijar/public_html/system/Session/Session.php(238): CodeIgniter\Session\Session->startSession()
#3 /home/mijar/public_html/system/Config/Services.php(577): CodeIgniter\Session\Session->start()
#4 /home/mijar/public_html/system/Config/BaseService.php(248): CodeIgniter\Config\Services::session(Object(Config\App), false)
#5 /home/mijar/public_html/system/Config/BaseService.php(189): CodeIgniter\Config\BaseService::__callStatic('session', Array)
#6 /home/mijar/public_html/system/Config/Services.php(563): CodeIgniter\Config\BaseService::getSharedInstance('session', NULL)
#7 /home/mijar/public_html/system/Config/BaseService.php(248): CodeIgniter\Config\Services::session()
#8 /home/mijar/public_html/app/Config/Globals.php(27): CodeIgniter\Config\BaseService::__callStatic('session', Array)
#9 /home/mijar/public_html/app/Config/Globals.php(108): Config\Globals::setGlobals()
#10 /home/mijar/public_html/system/Autoloader/Autoloader.php(264): include_once('/home/mijar/pub...')
#11 /home/mijar/public_html/system/Autoloader/Autoloader.php(241): CodeIgniter\Autoloader\Autoloader->includeFile('/home/mijar/pub...')
#12 /home/mijar/public_html/system/Autoloader/Autoloader.php(219): CodeIgniter\Autoloader\Autoloader->loadInNamespace('Config\\Globals')
#13 [internal function]: CodeIgniter\Autoloader\Autoloader->loadClass('Config\\Globals')
#14 /home/mijar/public_html/app/Config/Routes.php(7): spl_autoload_call('Config\\Globals')
#15 /home/mijar/public_html/system/CodeIgniter.php(712): require('/home/mijar/pub...')
#16 /home/mijar/public_html/system/CodeIgniter.php(367): CodeIgniter\CodeIgniter->tryToRouteIt(Object(CodeIgniter\Router\RouteCollection))
#17 /home/mijar/public_html/system/CodeIgniter.php(325): CodeIgniter\CodeIgniter->handleRequest(NULL, Object(Config\Cache), false)
#18 /home/mijar/public_html/index.php(47): CodeIgniter\CodeIgniter->run()
#19 {main}
ERROR - 2022-06-02 02:39:40 --> Table 'mijar_ar.ci_sessions' doesn't exist
CRITICAL - 2022-06-02 02:39:40 --> Call to a member function getRow() on bool
#0 [internal function]: CodeIgniter\Session\Handlers\DatabaseHandler->read('a823e18f0f1e90d...')
#1 /home/mijar/public_html/system/Session/Session.php(894): session_start()
#2 /home/mijar/public_html/system/Session/Session.php(238): CodeIgniter\Session\Session->startSession()
#3 /home/mijar/public_html/system/Config/Services.php(577): CodeIgniter\Session\Session->start()
#4 /home/mijar/public_html/system/Config/BaseService.php(248): CodeIgniter\Config\Services::session(Object(Config\App), false)
#5 /home/mijar/public_html/system/Config/BaseService.php(189): CodeIgniter\Config\BaseService::__callStatic('session', Array)
#6 /home/mijar/public_html/system/Config/Services.php(563): CodeIgniter\Config\BaseService::getSharedInstance('session', NULL)
#7 /home/mijar/public_html/system/Config/BaseService.php(248): CodeIgniter\Config\Services::session()
#8 /home/mijar/public_html/app/Config/Globals.php(27): CodeIgniter\Config\BaseService::__callStatic('session', Array)
#9 /home/mijar/public_html/app/Config/Globals.php(108): Config\Globals::setGlobals()
#10 /home/mijar/public_html/system/Autoloader/Autoloader.php(264): include_once('/home/mijar/pub...')
#11 /home/mijar/public_html/system/Autoloader/Autoloader.php(241): CodeIgniter\Autoloader\Autoloader->includeFile('/home/mijar/pub...')
#12 /home/mijar/public_html/system/Autoloader/Autoloader.php(219): CodeIgniter\Autoloader\Autoloader->loadInNamespace('Config\\Globals')
#13 [internal function]: CodeIgniter\Autoloader\Autoloader->loadClass('Config\\Globals')
#14 /home/mijar/public_html/app/Config/Routes.php(7): spl_autoload_call('Config\\Globals')
#15 /home/mijar/public_html/system/CodeIgniter.php(712): require('/home/mijar/pub...')
#16 /home/mijar/public_html/system/CodeIgniter.php(367): CodeIgniter\CodeIgniter->tryToRouteIt(Object(CodeIgniter\Router\RouteCollection))
#17 /home/mijar/public_html/system/CodeIgniter.php(325): CodeIgniter\CodeIgniter->handleRequest(NULL, Object(Config\Cache), false)
#18 /home/mijar/public_html/index.php(47): CodeIgniter\CodeIgniter->run()
#19 {main}
ERROR - 2022-06-02 02:39:40 --> Table 'mijar_ar.ci_sessions' doesn't exist
CRITICAL - 2022-06-02 02:39:40 --> Call to a member function getRow() on bool
#0 [internal function]: CodeIgniter\Session\Handlers\DatabaseHandler->read('a823e18f0f1e90d...')
#1 /home/mijar/public_html/system/Session/Session.php(894): session_start()
#2 /home/mijar/public_html/system/Session/Session.php(238): CodeIgniter\Session\Session->startSession()
#3 /home/mijar/public_html/system/Config/Services.php(577): CodeIgniter\Session\Session->start()
#4 /home/mijar/public_html/system/Config/BaseService.php(248): CodeIgniter\Config\Services::session(Object(Config\App), false)
#5 /home/mijar/public_html/system/Config/BaseService.php(189): CodeIgniter\Config\BaseService::__callStatic('session', Array)
#6 /home/mijar/public_html/system/Config/Services.php(563): CodeIgniter\Config\BaseService::getSharedInstance('session', NULL)
#7 /home/mijar/public_html/system/Config/BaseService.php(248): CodeIgniter\Config\Services::session()
#8 /home/mijar/public_html/app/Config/Globals.php(27): CodeIgniter\Config\BaseService::__callStatic('session', Array)
#9 /home/mijar/public_html/app/Config/Globals.php(108): Config\Globals::setGlobals()
#10 /home/mijar/public_html/system/Autoloader/Autoloader.php(264): include_once('/home/mijar/pub...')
#11 /home/mijar/public_html/system/Autoloader/Autoloader.php(241): CodeIgniter\Autoloader\Autoloader->includeFile('/home/mijar/pub...')
#12 /home/mijar/public_html/system/Autoloader/Autoloader.php(219): CodeIgniter\Autoloader\Autoloader->loadInNamespace('Config\\Globals')
#13 [internal function]: CodeIgniter\Autoloader\Autoloader->loadClass('Config\\Globals')
#14 /home/mijar/public_html/app/Config/Routes.php(7): spl_autoload_call('Config\\Globals')
#15 /home/mijar/public_html/system/CodeIgniter.php(712): require('/home/mijar/pub...')
#16 /home/mijar/public_html/system/CodeIgniter.php(367): CodeIgniter\CodeIgniter->tryToRouteIt(Object(CodeIgniter\Router\RouteCollection))
#17 /home/mijar/public_html/system/CodeIgniter.php(325): CodeIgniter\CodeIgniter->handleRequest(NULL, Object(Config\Cache), false)
#18 /home/mijar/public_html/index.php(47): CodeIgniter\CodeIgniter->run()
#19 {main}
ERROR - 2022-06-02 02:39:41 --> Table 'mijar_ar.ci_sessions' doesn't exist
CRITICAL - 2022-06-02 02:39:41 --> Call to a member function getRow() on bool
#0 [internal function]: CodeIgniter\Session\Handlers\DatabaseHandler->read('a823e18f0f1e90d...')
#1 /home/mijar/public_html/system/Session/Session.php(894): session_start()
#2 /home/mijar/public_html/system/Session/Session.php(238): CodeIgniter\Session\Session->startSession()
#3 /home/mijar/public_html/system/Config/Services.php(577): CodeIgniter\Session\Session->start()
#4 /home/mijar/public_html/system/Config/BaseService.php(248): CodeIgniter\Config\Services::session(Object(Config\App), false)
#5 /home/mijar/public_html/system/Config/BaseService.php(189): CodeIgniter\Config\BaseService::__callStatic('session', Array)
#6 /home/mijar/public_html/system/Config/Services.php(563): CodeIgniter\Config\BaseService::getSharedInstance('session', NULL)
#7 /home/mijar/public_html/system/Config/BaseService.php(248): CodeIgniter\Config\Services::session()
#8 /home/mijar/public_html/app/Config/Globals.php(27): CodeIgniter\Config\BaseService::__callStatic('session', Array)
#9 /home/mijar/public_html/app/Config/Globals.php(108): Config\Globals::setGlobals()
#10 /home/mijar/public_html/system/Autoloader/Autoloader.php(264): include_once('/home/mijar/pub...')
#11 /home/mijar/public_html/system/Autoloader/Autoloader.php(241): CodeIgniter\Autoloader\Autoloader->includeFile('/home/mijar/pub...')
#12 /home/mijar/public_html/system/Autoloader/Autoloader.php(219): CodeIgniter\Autoloader\Autoloader->loadInNamespace('Config\\Globals')
#13 [internal function]: CodeIgniter\Autoloader\Autoloader->loadClass('Config\\Globals')
#14 /home/mijar/public_html/app/Config/Routes.php(7): spl_autoload_call('Config\\Globals')
#15 /home/mijar/public_html/system/CodeIgniter.php(712): require('/home/mijar/pub...')
#16 /home/mijar/public_html/system/CodeIgniter.php(367): CodeIgniter\CodeIgniter->tryToRouteIt(Object(CodeIgniter\Router\RouteCollection))
#17 /home/mijar/public_html/system/CodeIgniter.php(325): CodeIgniter\CodeIgniter->handleRequest(NULL, Object(Config\Cache), false)
#18 /home/mijar/public_html/index.php(47): CodeIgniter\CodeIgniter->run()
#19 {main}
ERROR - 2022-06-02 02:39:41 --> Table 'mijar_ar.ci_sessions' doesn't exist
CRITICAL - 2022-06-02 02:39:41 --> Call to a member function getRow() on bool
#0 [internal function]: CodeIgniter\Session\Handlers\DatabaseHandler->read('a823e18f0f1e90d...')
#1 /home/mijar/public_html/system/Session/Session.php(894): session_start()
#2 /home/mijar/public_html/system/Session/Session.php(238): CodeIgniter\Session\Session->startSession()
#3 /home/mijar/public_html/system/Config/Services.php(577): CodeIgniter\Session\Session->start()
#4 /home/mijar/public_html/system/Config/BaseService.php(248): CodeIgniter\Config\Services::session(Object(Config\App), false)
#5 /home/mijar/public_html/system/Config/BaseService.php(189): CodeIgniter\Config\BaseService::__callStatic('session', Array)
#6 /home/mijar/public_html/system/Config/Services.php(563): CodeIgniter\Config\BaseService::getSharedInstance('session', NULL)
#7 /home/mijar/public_html/system/Config/BaseService.php(248): CodeIgniter\Config\Services::session()
#8 /home/mijar/public_html/app/Config/Globals.php(27): CodeIgniter\Config\BaseService::__callStatic('session', Array)
#9 /home/mijar/public_html/app/Config/Globals.php(108): Config\Globals::setGlobals()
#10 /home/mijar/public_html/system/Autoloader/Autoloader.php(264): include_once('/home/mijar/pub...')
#11 /home/mijar/public_html/system/Autoloader/Autoloader.php(241): CodeIgniter\Autoloader\Autoloader->includeFile('/home/mijar/pub...')
#12 /home/mijar/public_html/system/Autoloader/Autoloader.php(219): CodeIgniter\Autoloader\Autoloader->loadInNamespace('Config\\Globals')
#13 [internal function]: CodeIgniter\Autoloader\Autoloader->loadClass('Config\\Globals')
#14 /home/mijar/public_html/app/Config/Routes.php(7): spl_autoload_call('Config\\Globals')
#15 /home/mijar/public_html/system/CodeIgniter.php(712): require('/home/mijar/pub...')
#16 /home/mijar/public_html/system/CodeIgniter.php(367): CodeIgniter\CodeIgniter->tryToRouteIt(Object(CodeIgniter\Router\RouteCollection))
#17 /home/mijar/public_html/system/CodeIgniter.php(325): CodeIgniter\CodeIgniter->handleRequest(NULL, Object(Config\Cache), false)
#18 /home/mijar/public_html/index.php(47): CodeIgniter\CodeIgniter->run()
#19 {main}
ERROR - 2022-06-02 02:39:59 --> Table 'mijar_ar.ci_sessions' doesn't exist
CRITICAL - 2022-06-02 02:39:59 --> Call to a member function getRow() on bool
#0 [internal function]: CodeIgniter\Session\Handlers\DatabaseHandler->read('a823e18f0f1e90d...')
#1 /home/mijar/public_html/system/Session/Session.php(894): session_start()
#2 /home/mijar/public_html/system/Session/Session.php(238): CodeIgniter\Session\Session->startSession()
#3 /home/mijar/public_html/system/Config/Services.php(577): CodeIgniter\Session\Session->start()
#4 /home/mijar/public_html/system/Config/BaseService.php(248): CodeIgniter\Config\Services::session(Object(Config\App), false)
#5 /home/mijar/public_html/system/Config/BaseService.php(189): CodeIgniter\Config\BaseService::__callStatic('session', Array)
#6 /home/mijar/public_html/system/Config/Services.php(563): CodeIgniter\Config\BaseService::getSharedInstance('session', NULL)
#7 /home/mijar/public_html/system/Config/BaseService.php(248): CodeIgniter\Config\Services::session()
#8 /home/mijar/public_html/app/Config/Globals.php(27): CodeIgniter\Config\BaseService::__callStatic('session', Array)
#9 /home/mijar/public_html/app/Config/Globals.php(108): Config\Globals::setGlobals()
#10 /home/mijar/public_html/system/Autoloader/Autoloader.php(264): include_once('/home/mijar/pub...')
#11 /home/mijar/public_html/system/Autoloader/Autoloader.php(241): CodeIgniter\Autoloader\Autoloader->includeFile('/home/mijar/pub...')
#12 /home/mijar/public_html/system/Autoloader/Autoloader.php(219): CodeIgniter\Autoloader\Autoloader->loadInNamespace('Config\\Globals')
#13 [internal function]: CodeIgniter\Autoloader\Autoloader->loadClass('Config\\Globals')
#14 /home/mijar/public_html/app/Config/Routes.php(7): spl_autoload_call('Config\\Globals')
#15 /home/mijar/public_html/system/CodeIgniter.php(712): require('/home/mijar/pub...')
#16 /home/mijar/public_html/system/CodeIgniter.php(367): CodeIgniter\CodeIgniter->tryToRouteIt(Object(CodeIgniter\Router\RouteCollection))
#17 /home/mijar/public_html/system/CodeIgniter.php(325): CodeIgniter\CodeIgniter->handleRequest(NULL, Object(Config\Cache), false)
#18 /home/mijar/public_html/index.php(47): CodeIgniter\CodeIgniter->run()
#19 {main}
ERROR - 2022-06-02 02:39:59 --> Table 'mijar_ar.ci_sessions' doesn't exist
CRITICAL - 2022-06-02 02:39:59 --> Call to a member function getRow() on bool
#0 [internal function]: CodeIgniter\Session\Handlers\DatabaseHandler->read('a823e18f0f1e90d...')
#1 /home/mijar/public_html/system/Session/Session.php(894): session_start()
#2 /home/mijar/public_html/system/Session/Session.php(238): CodeIgniter\Session\Session->startSession()
#3 /home/mijar/public_html/system/Config/Services.php(577): CodeIgniter\Session\Session->start()
#4 /home/mijar/public_html/system/Config/BaseService.php(248): CodeIgniter\Config\Services::session(Object(Config\App), false)
#5 /home/mijar/public_html/system/Config/BaseService.php(189): CodeIgniter\Config\BaseService::__callStatic('session', Array)
#6 /home/mijar/public_html/system/Config/Services.php(563): CodeIgniter\Config\BaseService::getSharedInstance('session', NULL)
#7 /home/mijar/public_html/system/Config/BaseService.php(248): CodeIgniter\Config\Services::session()
#8 /home/mijar/public_html/app/Config/Globals.php(27): CodeIgniter\Config\BaseService::__callStatic('session', Array)
#9 /home/mijar/public_html/app/Config/Globals.php(108): Config\Globals::setGlobals()
#10 /home/mijar/public_html/system/Autoloader/Autoloader.php(264): include_once('/home/mijar/pub...')
#11 /home/mijar/public_html/system/Autoloader/Autoloader.php(241): CodeIgniter\Autoloader\Autoloader->includeFile('/home/mijar/pub...')
#12 /home/mijar/public_html/system/Autoloader/Autoloader.php(219): CodeIgniter\Autoloader\Autoloader->loadInNamespace('Config\\Globals')
#13 [internal function]: CodeIgniter\Autoloader\Autoloader->loadClass('Config\\Globals')
#14 /home/mijar/public_html/app/Config/Routes.php(7): spl_autoload_call('Config\\Globals')
#15 /home/mijar/public_html/system/CodeIgniter.php(712): require('/home/mijar/pub...')
#16 /home/mijar/public_html/system/CodeIgniter.php(367): CodeIgniter\CodeIgniter->tryToRouteIt(Object(CodeIgniter\Router\RouteCollection))
#17 /home/mijar/public_html/system/CodeIgniter.php(325): CodeIgniter\CodeIgniter->handleRequest(NULL, Object(Config\Cache), false)
#18 /home/mijar/public_html/index.php(47): CodeIgniter\CodeIgniter->run()
#19 {main}
ERROR - 2022-06-02 02:40:22 --> Table 'mijar_ar.routes' doesn't exist
CRITICAL - 2022-06-02 02:40:22 --> Table 'mijar_ar.routes' doesn't exist
#0 /home/mijar/public_html/system/Database/MySQLi/Connection.php(292): mysqli->query('SELECT *\nFROM `...', 0)
#1 /home/mijar/public_html/system/Database/BaseConnection.php(670): CodeIgniter\Database\MySQLi\Connection->execute('SELECT *\nFROM `...')
#2 /home/mijar/public_html/system/Database/BaseConnection.php(598): CodeIgniter\Database\BaseConnection->simpleQuery('SELECT *\nFROM `...')
#3 /home/mijar/public_html/system/Database/BaseBuilder.php(1455): CodeIgniter\Database\BaseConnection->query('SELECT *\nFROM `...', Array, false)
#4 /home/mijar/public_html/app/Config/Globals.php(31): CodeIgniter\Database\BaseBuilder->get()
#5 /home/mijar/public_html/app/Config/Globals.php(108): Config\Globals::setGlobals()
#6 /home/mijar/public_html/system/Autoloader/Autoloader.php(264): include_once('/home/mijar/pub...')
#7 /home/mijar/public_html/system/Autoloader/Autoloader.php(241): CodeIgniter\Autoloader\Autoloader->includeFile('/home/mijar/pub...')
#8 /home/mijar/public_html/system/Autoloader/Autoloader.php(219): CodeIgniter\Autoloader\Autoloader->loadInNamespace('Config\\Globals')
#9 [internal function]: CodeIgniter\Autoloader\Autoloader->loadClass('Config\\Globals')
#10 /home/mijar/public_html/app/Config/Routes.php(7): spl_autoload_call('Config\\Globals')
#11 /home/mijar/public_html/system/CodeIgniter.php(712): require('/home/mijar/pub...')
#12 /home/mijar/public_html/system/CodeIgniter.php(367): CodeIgniter\CodeIgniter->tryToRouteIt(Object(CodeIgniter\Router\RouteCollection))
#13 /home/mijar/public_html/system/CodeIgniter.php(325): CodeIgniter\CodeIgniter->handleRequest(NULL, Object(Config\Cache), false)
#14 /home/mijar/public_html/index.php(47): CodeIgniter\CodeIgniter->run()
#15 {main}
ERROR - 2022-06-02 02:40:23 --> Table 'mijar_ar.routes' doesn't exist
CRITICAL - 2022-06-02 02:40:23 --> Table 'mijar_ar.routes' doesn't exist
#0 /home/mijar/public_html/system/Database/MySQLi/Connection.php(292): mysqli->query('SELECT *\nFROM `...', 0)
#1 /home/mijar/public_html/system/Database/BaseConnection.php(670): CodeIgniter\Database\MySQLi\Connection->execute('SELECT *\nFROM `...')
#2 /home/mijar/public_html/system/Database/BaseConnection.php(598): CodeIgniter\Database\BaseConnection->simpleQuery('SELECT *\nFROM `...')
#3 /home/mijar/public_html/system/Database/BaseBuilder.php(1455): CodeIgniter\Database\BaseConnection->query('SELECT *\nFROM `...', Array, false)
#4 /home/mijar/public_html/app/Config/Globals.php(31): CodeIgniter\Database\BaseBuilder->get()
#5 /home/mijar/public_html/app/Config/Globals.php(108): Config\Globals::setGlobals()
#6 /home/mijar/public_html/system/Autoloader/Autoloader.php(264): include_once('/home/mijar/pub...')
#7 /home/mijar/public_html/system/Autoloader/Autoloader.php(241): CodeIgniter\Autoloader\Autoloader->includeFile('/home/mijar/pub...')
#8 /home/mijar/public_html/system/Autoloader/Autoloader.php(219): CodeIgniter\Autoloader\Autoloader->loadInNamespace('Config\\Globals')
#9 [internal function]: CodeIgniter\Autoloader\Autoloader->loadClass('Config\\Globals')
#10 /home/mijar/public_html/app/Config/Routes.php(7): spl_autoload_call('Config\\Globals')
#11 /home/mijar/public_html/system/CodeIgniter.php(712): require('/home/mijar/pub...')
#12 /home/mijar/public_html/system/CodeIgniter.php(367): CodeIgniter\CodeIgniter->tryToRouteIt(Object(CodeIgniter\Router\RouteCollection))
#13 /home/mijar/public_html/system/CodeIgniter.php(325): CodeIgniter\CodeIgniter->handleRequest(NULL, Object(Config\Cache), false)
#14 /home/mijar/public_html/index.php(47): CodeIgniter\CodeIgniter->run()
#15 {main}
CRITICAL - 2022-06-02 09:45:16 --> Allowed memory size of 268435456 bytes exhausted (tried to allocate 20480 bytes)
#0 [internal function]: CodeIgniter\Debug\Exceptions->shutdownHandler()
#1 {main}
CRITICAL - 2022-06-02 09:51:59 --> Reading Exif data is not supported by this PHP installation.
#0 /home/mijar/public_html/app/ThirdParty/intervention-image/vendor/intervention/image/src/Intervention/Image/AbstractDriver.php(94): Intervention\Image\Commands\ExifCommand->execute(Object(Intervention\Image\Image))
#1 /home/mijar/public_html/app/ThirdParty/intervention-image/vendor/intervention/image/src/Intervention/Image/Image.php(108): Intervention\Image\AbstractDriver->executeCommand(Object(Intervention\Image\Image), 'exif', Array)
#2 /home/mijar/public_html/app/ThirdParty/intervention-image/vendor/intervention/image/src/Intervention/Image/Commands/OrientateCommand.php(15): Intervention\Image\Image->__call('exif', Array)
#3 /home/mijar/public_html/app/ThirdParty/intervention-image/vendor/intervention/image/src/Intervention/Image/AbstractDriver.php(94): Intervention\Image\Commands\OrientateCommand->execute(Object(Intervention\Image\Image))
#4 /home/mijar/public_html/app/ThirdParty/intervention-image/vendor/intervention/image/src/Intervention/Image/Image.php(108): Intervention\Image\AbstractDriver->executeCommand(Object(Intervention\Image\Image), 'orientate', Array)
#5 /home/mijar/public_html/app/Models/UploadModel.php(91): Intervention\Image\Image->__call('orientate', Array)
#6 /home/mijar/public_html/app/Models/FileModel.php(40): App\Models\UploadModel->uploadPostImage('uploads/tmp/tem...', 'big')
#7 /home/mijar/public_html/app/Controllers/FileController.php(29): App\Models\FileModel->uploadImage()
#8 /home/mijar/public_html/system/CodeIgniter.php(831): App\Controllers\FileController->uploadImage()
#9 /home/mijar/public_html/system/CodeIgniter.php(418): CodeIgniter\CodeIgniter->runController(Object(App\Controllers\FileController))
#10 /home/mijar/public_html/system/CodeIgniter.php(325): CodeIgniter\CodeIgniter->handleRequest(NULL, Object(Config\Cache), false)
#11 /home/mijar/public_html/index.php(47): CodeIgniter\CodeIgniter->run()
#12 {main}
CRITICAL - 2022-06-02 09:52:10 --> Allowed memory size of 268435456 bytes exhausted (tried to allocate 20480 bytes)
#0 [internal function]: CodeIgniter\Debug\Exceptions->shutdownHandler()
#1 {main}
CRITICAL - 2022-06-02 09:57:48 --> Reading Exif data is not supported by this PHP installation.
#0 /home/mijar/public_html/app/ThirdParty/intervention-image/vendor/intervention/image/src/Intervention/Image/AbstractDriver.php(94): Intervention\Image\Commands\ExifCommand->execute(Object(Intervention\Image\Image))
#1 /home/mijar/public_html/app/ThirdParty/intervention-image/vendor/intervention/image/src/Intervention/Image/Image.php(108): Intervention\Image\AbstractDriver->executeCommand(Object(Intervention\Image\Image), 'exif', Array)
#2 /home/mijar/public_html/app/ThirdParty/intervention-image/vendor/intervention/image/src/Intervention/Image/Commands/OrientateCommand.php(15): Intervention\Image\Image->__call('exif', Array)
#3 /home/mijar/public_html/app/ThirdParty/intervention-image/vendor/intervention/image/src/Intervention/Image/AbstractDriver.php(94): Intervention\Image\Commands\OrientateCommand->execute(Object(Intervention\Image\Image))
#4 /home/mijar/public_html/app/ThirdParty/intervention-image/vendor/intervention/image/src/Intervention/Image/Image.php(108): Intervention\Image\AbstractDriver->executeCommand(Object(Intervention\Image\Image), 'orientate', Array)
#5 /home/mijar/public_html/app/Models/UploadModel.php(91): Intervention\Image\Image->__call('orientate', Array)
#6 /home/mijar/public_html/app/Models/FileModel.php(40): App\Models\UploadModel->uploadPostImage('uploads/tmp/tem...', 'big')
#7 /home/mijar/public_html/app/Controllers/FileController.php(29): App\Models\FileModel->uploadImage()
#8 /home/mijar/public_html/system/CodeIgniter.php(831): App\Controllers\FileController->uploadImage()
#9 /home/mijar/public_html/system/CodeIgniter.php(418): CodeIgniter\CodeIgniter->runController(Object(App\Controllers\FileController))
#10 /home/mijar/public_html/system/CodeIgniter.php(325): CodeIgniter\CodeIgniter->handleRequest(NULL, Object(Config\Cache), false)
#11 /home/mijar/public_html/index.php(47): CodeIgniter\CodeIgniter->run()
#12 {main}
CRITICAL - 2022-06-02 10:00:43 --> Reading Exif data is not supported by this PHP installation.
#0 /home/mijar/public_html/app/ThirdParty/intervention-image/vendor/intervention/image/src/Intervention/Image/AbstractDriver.php(94): Intervention\Image\Commands\ExifCommand->execute(Object(Intervention\Image\Image))
#1 /home/mijar/public_html/app/ThirdParty/intervention-image/vendor/intervention/image/src/Intervention/Image/Image.php(108): Intervention\Image\AbstractDriver->executeCommand(Object(Intervention\Image\Image), 'exif', Array)
#2 /home/mijar/public_html/app/ThirdParty/intervention-image/vendor/intervention/image/src/Intervention/Image/Commands/OrientateCommand.php(15): Intervention\Image\Image->__call('exif', Array)
#3 /home/mijar/public_html/app/ThirdParty/intervention-image/vendor/intervention/image/src/Intervention/Image/AbstractDriver.php(94): Intervention\Image\Commands\OrientateCommand->execute(Object(Intervention\Image\Image))
#4 /home/mijar/public_html/app/ThirdParty/intervention-image/vendor/intervention/image/src/Intervention/Image/Image.php(108): Intervention\Image\AbstractDriver->executeCommand(Object(Intervention\Image\Image), 'orientate', Array)
#5 /home/mijar/public_html/app/Models/UploadModel.php(91): Intervention\Image\Image->__call('orientate', Array)
#6 /home/mijar/public_html/app/Models/FileModel.php(40): App\Models\UploadModel->uploadPostImage('uploads/tmp/tem...', 'big')
#7 /home/mijar/public_html/app/Controllers/FileController.php(29): App\Models\FileModel->uploadImage()
#8 /home/mijar/public_html/system/CodeIgniter.php(831): App\Controllers\FileController->uploadImage()
#9 /home/mijar/public_html/system/CodeIgniter.php(418): CodeIgniter\CodeIgniter->runController(Object(App\Controllers\FileController))
#10 /home/mijar/public_html/system/CodeIgniter.php(325): CodeIgniter\CodeIgniter->handleRequest(NULL, Object(Config\Cache), false)
#11 /home/mijar/public_html/index.php(47): CodeIgniter\CodeIgniter->run()
#12 {main}
CRITICAL - 2022-06-02 10:10:11 --> Reading Exif data is not supported by this PHP installation.
#0 /home/mijar/public_html/app/ThirdParty/intervention-image/vendor/intervention/image/src/Intervention/Image/AbstractDriver.php(94): Intervention\Image\Commands\ExifCommand->execute(Object(Intervention\Image\Image))
#1 /home/mijar/public_html/app/ThirdParty/intervention-image/vendor/intervention/image/src/Intervention/Image/Image.php(108): Intervention\Image\AbstractDriver->executeCommand(Object(Intervention\Image\Image), 'exif', Array)
#2 /home/mijar/public_html/app/ThirdParty/intervention-image/vendor/intervention/image/src/Intervention/Image/Commands/OrientateCommand.php(15): Intervention\Image\Image->__call('exif', Array)
#3 /home/mijar/public_html/app/ThirdParty/intervention-image/vendor/intervention/image/src/Intervention/Image/AbstractDriver.php(94): Intervention\Image\Commands\OrientateCommand->execute(Object(Intervention\Image\Image))
#4 /home/mijar/public_html/app/ThirdParty/intervention-image/vendor/intervention/image/src/Intervention/Image/Image.php(108): Intervention\Image\AbstractDriver->executeCommand(Object(Intervention\Image\Image), 'orientate', Array)
#5 /home/mijar/public_html/app/Models/UploadModel.php(91): Intervention\Image\Image->__call('orientate', Array)
#6 /home/mijar/public_html/app/Models/FileModel.php(40): App\Models\UploadModel->uploadPostImage('uploads/tmp/tem...', 'big')
#7 /home/mijar/public_html/app/Controllers/FileController.php(29): App\Models\FileModel->uploadImage()
#8 /home/mijar/public_html/system/CodeIgniter.php(831): App\Controllers\FileController->uploadImage()
#9 /home/mijar/public_html/system/CodeIgniter.php(418): CodeIgniter\CodeIgniter->runController(Object(App\Controllers\FileController))
#10 /home/mijar/public_html/system/CodeIgniter.php(325): CodeIgniter\CodeIgniter->handleRequest(NULL, Object(Config\Cache), false)
#11 /home/mijar/public_html/index.php(47): CodeIgniter\CodeIgniter->run()
#12 {main}
CRITICAL - 2022-06-02 10:11:00 --> Reading Exif data is not supported by this PHP installation.
#0 /home/mijar/public_html/app/ThirdParty/intervention-image/vendor/intervention/image/src/Intervention/Image/AbstractDriver.php(94): Intervention\Image\Commands\ExifCommand->execute(Object(Intervention\Image\Image))
#1 /home/mijar/public_html/app/ThirdParty/intervention-image/vendor/intervention/image/src/Intervention/Image/Image.php(108): Intervention\Image\AbstractDriver->executeCommand(Object(Intervention\Image\Image), 'exif', Array)
#2 /home/mijar/public_html/app/ThirdParty/intervention-image/vendor/intervention/image/src/Intervention/Image/Commands/OrientateCommand.php(15): Intervention\Image\Image->__call('exif', Array)
#3 /home/mijar/public_html/app/ThirdParty/intervention-image/vendor/intervention/image/src/Intervention/Image/AbstractDriver.php(94): Intervention\Image\Commands\OrientateCommand->execute(Object(Intervention\Image\Image))
#4 /home/mijar/public_html/app/ThirdParty/intervention-image/vendor/intervention/image/src/Intervention/Image/Image.php(108): Intervention\Image\AbstractDriver->executeCommand(Object(Intervention\Image\Image), 'orientate', Array)
#5 /home/mijar/public_html/app/Models/UploadModel.php(91): Intervention\Image\Image->__call('orientate', Array)
#6 /home/mijar/public_html/app/Models/FileModel.php(40): App\Models\UploadModel->uploadPostImage('uploads/tmp/tem...', 'big')
#7 /home/mijar/public_html/app/Controllers/FileController.php(29): App\Models\FileModel->uploadImage()
#8 /home/mijar/public_html/system/CodeIgniter.php(831): App\Controllers\FileController->uploadImage()
#9 /home/mijar/public_html/system/CodeIgniter.php(418): CodeIgniter\CodeIgniter->runController(Object(App\Controllers\FileController))
#10 /home/mijar/public_html/system/CodeIgniter.php(325): CodeIgniter\CodeIgniter->handleRequest(NULL, Object(Config\Cache), false)
#11 /home/mijar/public_html/index.php(47): CodeIgniter\CodeIgniter->run()
#12 {main}
CRITICAL - 2022-06-02 10:12:27 --> Reading Exif data is not supported by this PHP installation.
#0 /home/mijar/public_html/app/ThirdParty/intervention-image/vendor/intervention/image/src/Intervention/Image/AbstractDriver.php(94): Intervention\Image\Commands\ExifCommand->execute(Object(Intervention\Image\Image))
#1 /home/mijar/public_html/app/ThirdParty/intervention-image/vendor/intervention/image/src/Intervention/Image/Image.php(108): Intervention\Image\AbstractDriver->executeCommand(Object(Intervention\Image\Image), 'exif', Array)
#2 /home/mijar/public_html/app/ThirdParty/intervention-image/vendor/intervention/image/src/Intervention/Image/Commands/OrientateCommand.php(15): Intervention\Image\Image->__call('exif', Array)
#3 /home/mijar/public_html/app/ThirdParty/intervention-image/vendor/intervention/image/src/Intervention/Image/AbstractDriver.php(94): Intervention\Image\Commands\OrientateCommand->execute(Object(Intervention\Image\Image))
#4 /home/mijar/public_html/app/ThirdParty/intervention-image/vendor/intervention/image/src/Intervention/Image/Image.php(108): Intervention\Image\AbstractDriver->executeCommand(Object(Intervention\Image\Image), 'orientate', Array)
#5 /home/mijar/public_html/app/Models/UploadModel.php(91): Intervention\Image\Image->__call('orientate', Array)
#6 /home/mijar/public_html/app/Models/FileModel.php(40): App\Models\UploadModel->uploadPostImage('uploads/tmp/tem...', 'big')
#7 /home/mijar/public_html/app/Controllers/FileController.php(29): App\Models\FileModel->uploadImage()
#8 /home/mijar/public_html/system/CodeIgniter.php(831): App\Controllers\FileController->uploadImage()
#9 /home/mijar/public_html/system/CodeIgniter.php(418): CodeIgniter\CodeIgniter->runController(Object(App\Controllers\FileController))
#10 /home/mijar/public_html/system/CodeIgniter.php(325): CodeIgniter\CodeIgniter->handleRequest(NULL, Object(Config\Cache), false)
#11 /home/mijar/public_html/index.php(47): CodeIgniter\CodeIgniter->run()
#12 {main}
