CRITICAL - 2022-06-01 15:31:16 --> Reading Exif data is not supported by this PHP installation.
#0 /home/mijar/public_html/app/ThirdParty/intervention-image/vendor/intervention/image/src/Intervention/Image/AbstractDriver.php(94): Intervention\Image\Commands\ExifCommand->execute(Object(Intervention\Image\Image))
#1 /home/mijar/public_html/app/ThirdParty/intervention-image/vendor/intervention/image/src/Intervention/Image/Image.php(108): Intervention\Image\AbstractDriver->executeCommand(Object(Intervention\Image\Image), 'exif', Array)
#2 /home/mijar/public_html/app/ThirdParty/intervention-image/vendor/intervention/image/src/Intervention/Image/Commands/OrientateCommand.php(15): Intervention\Image\Image->__call('exif', Array)
#3 /home/mijar/public_html/app/ThirdParty/intervention-image/vendor/intervention/image/src/Intervention/Image/AbstractDriver.php(94): Intervention\Image\Commands\OrientateCommand->execute(Object(Intervention\Image\Image))
#4 /home/mijar/public_html/app/ThirdParty/intervention-image/vendor/intervention/image/src/Intervention/Image/Image.php(108): Intervention\Image\AbstractDriver->executeCommand(Object(Intervention\Image\Image), 'orientate', Array)
#5 /home/mijar/public_html/app/Models/UploadModel.php(91): Intervention\Image\Image->__call('orientate', Array)
#6 /home/mijar/public_html/app/Models/FileModel.php(40): App\Models\UploadModel->uploadPostImage('uploads/tmp/tem...', 'big')
#7 /home/mijar/public_html/app/Controllers/FileController.php(29): App\Models\FileModel->uploadImage()
#8 /home/mijar/public_html/system/CodeIgniter.php(831): App\Controllers\FileController->uploadImage()
#9 /home/mijar/public_html/system/CodeIgniter.php(418): CodeIgniter\CodeIgniter->runController(Object(App\Controllers\FileController))
#10 /home/mijar/public_html/system/CodeIgniter.php(325): CodeIgniter\CodeIgniter->handleRequest(NULL, Object(Config\Cache), false)
#11 /home/mijar/public_html/index.php(47): CodeIgniter\CodeIgniter->run()
#12 {main}
CRITICAL - 2022-06-01 15:35:57 --> Reading Exif data is not supported by this PHP installation.
#0 /home/mijar/public_html/app/ThirdParty/intervention-image/vendor/intervention/image/src/Intervention/Image/AbstractDriver.php(94): Intervention\Image\Commands\ExifCommand->execute(Object(Intervention\Image\Image))
#1 /home/mijar/public_html/app/ThirdParty/intervention-image/vendor/intervention/image/src/Intervention/Image/Image.php(108): Intervention\Image\AbstractDriver->executeCommand(Object(Intervention\Image\Image), 'exif', Array)
#2 /home/mijar/public_html/app/ThirdParty/intervention-image/vendor/intervention/image/src/Intervention/Image/Commands/OrientateCommand.php(15): Intervention\Image\Image->__call('exif', Array)
#3 /home/mijar/public_html/app/ThirdParty/intervention-image/vendor/intervention/image/src/Intervention/Image/AbstractDriver.php(94): Intervention\Image\Commands\OrientateCommand->execute(Object(Intervention\Image\Image))
#4 /home/mijar/public_html/app/ThirdParty/intervention-image/vendor/intervention/image/src/Intervention/Image/Image.php(108): Intervention\Image\AbstractDriver->executeCommand(Object(Intervention\Image\Image), 'orientate', Array)
#5 /home/mijar/public_html/app/Models/UploadModel.php(91): Intervention\Image\Image->__call('orientate', Array)
#6 /home/mijar/public_html/app/Models/FileModel.php(40): App\Models\UploadModel->uploadPostImage('uploads/tmp/tem...', 'big')
#7 /home/mijar/public_html/app/Controllers/FileController.php(29): App\Models\FileModel->uploadImage()
#8 /home/mijar/public_html/system/CodeIgniter.php(831): App\Controllers\FileController->uploadImage()
#9 /home/mijar/public_html/system/CodeIgniter.php(418): CodeIgniter\CodeIgniter->runController(Object(App\Controllers\FileController))
#10 /home/mijar/public_html/system/CodeIgniter.php(325): CodeIgniter\CodeIgniter->handleRequest(NULL, Object(Config\Cache), false)
#11 /home/mijar/public_html/index.php(47): CodeIgniter\CodeIgniter->run()
#12 {main}
CRITICAL - 2022-06-01 15:37:04 --> Reading Exif data is not supported by this PHP installation.
#0 /home/mijar/public_html/app/ThirdParty/intervention-image/vendor/intervention/image/src/Intervention/Image/AbstractDriver.php(94): Intervention\Image\Commands\ExifCommand->execute(Object(Intervention\Image\Image))
#1 /home/mijar/public_html/app/ThirdParty/intervention-image/vendor/intervention/image/src/Intervention/Image/Image.php(108): Intervention\Image\AbstractDriver->executeCommand(Object(Intervention\Image\Image), 'exif', Array)
#2 /home/mijar/public_html/app/ThirdParty/intervention-image/vendor/intervention/image/src/Intervention/Image/Commands/OrientateCommand.php(15): Intervention\Image\Image->__call('exif', Array)
#3 /home/mijar/public_html/app/ThirdParty/intervention-image/vendor/intervention/image/src/Intervention/Image/AbstractDriver.php(94): Intervention\Image\Commands\OrientateCommand->execute(Object(Intervention\Image\Image))
#4 /home/mijar/public_html/app/ThirdParty/intervention-image/vendor/intervention/image/src/Intervention/Image/Image.php(108): Intervention\Image\AbstractDriver->executeCommand(Object(Intervention\Image\Image), 'orientate', Array)
#5 /home/mijar/public_html/app/Models/UploadModel.php(91): Intervention\Image\Image->__call('orientate', Array)
#6 /home/mijar/public_html/app/Models/FileModel.php(40): App\Models\UploadModel->uploadPostImage('uploads/tmp/tem...', 'big')
#7 /home/mijar/public_html/app/Controllers/FileController.php(29): App\Models\FileModel->uploadImage()
#8 /home/mijar/public_html/system/CodeIgniter.php(831): App\Controllers\FileController->uploadImage()
#9 /home/mijar/public_html/system/CodeIgniter.php(418): CodeIgniter\CodeIgniter->runController(Object(App\Controllers\FileController))
#10 /home/mijar/public_html/system/CodeIgniter.php(325): CodeIgniter\CodeIgniter->handleRequest(NULL, Object(Config\Cache), false)
#11 /home/mijar/public_html/index.php(47): CodeIgniter\CodeIgniter->run()
#12 {main}
CRITICAL - 2022-06-01 15:37:55 --> Reading Exif data is not supported by this PHP installation.
#0 /home/mijar/public_html/app/ThirdParty/intervention-image/vendor/intervention/image/src/Intervention/Image/AbstractDriver.php(94): Intervention\Image\Commands\ExifCommand->execute(Object(Intervention\Image\Image))
#1 /home/mijar/public_html/app/ThirdParty/intervention-image/vendor/intervention/image/src/Intervention/Image/Image.php(108): Intervention\Image\AbstractDriver->executeCommand(Object(Intervention\Image\Image), 'exif', Array)
#2 /home/mijar/public_html/app/ThirdParty/intervention-image/vendor/intervention/image/src/Intervention/Image/Commands/OrientateCommand.php(15): Intervention\Image\Image->__call('exif', Array)
#3 /home/mijar/public_html/app/ThirdParty/intervention-image/vendor/intervention/image/src/Intervention/Image/AbstractDriver.php(94): Intervention\Image\Commands\OrientateCommand->execute(Object(Intervention\Image\Image))
#4 /home/mijar/public_html/app/ThirdParty/intervention-image/vendor/intervention/image/src/Intervention/Image/Image.php(108): Intervention\Image\AbstractDriver->executeCommand(Object(Intervention\Image\Image), 'orientate', Array)
#5 /home/mijar/public_html/app/Models/UploadModel.php(91): Intervention\Image\Image->__call('orientate', Array)
#6 /home/mijar/public_html/app/Models/FileModel.php(40): App\Models\UploadModel->uploadPostImage('uploads/tmp/tem...', 'big')
#7 /home/mijar/public_html/app/Controllers/FileController.php(29): App\Models\FileModel->uploadImage()
#8 /home/mijar/public_html/system/CodeIgniter.php(831): App\Controllers\FileController->uploadImage()
#9 /home/mijar/public_html/system/CodeIgniter.php(418): CodeIgniter\CodeIgniter->runController(Object(App\Controllers\FileController))
#10 /home/mijar/public_html/system/CodeIgniter.php(325): CodeIgniter\CodeIgniter->handleRequest(NULL, Object(Config\Cache), false)
#11 /home/mijar/public_html/index.php(47): CodeIgniter\CodeIgniter->run()
#12 {main}
CRITICAL - 2022-06-01 15:42:16 --> Reading Exif data is not supported by this PHP installation.
#0 /home/mijar/public_html/app/ThirdParty/intervention-image/vendor/intervention/image/src/Intervention/Image/AbstractDriver.php(94): Intervention\Image\Commands\ExifCommand->execute(Object(Intervention\Image\Image))
#1 /home/mijar/public_html/app/ThirdParty/intervention-image/vendor/intervention/image/src/Intervention/Image/Image.php(108): Intervention\Image\AbstractDriver->executeCommand(Object(Intervention\Image\Image), 'exif', Array)
#2 /home/mijar/public_html/app/ThirdParty/intervention-image/vendor/intervention/image/src/Intervention/Image/Commands/OrientateCommand.php(15): Intervention\Image\Image->__call('exif', Array)
#3 /home/mijar/public_html/app/ThirdParty/intervention-image/vendor/intervention/image/src/Intervention/Image/AbstractDriver.php(94): Intervention\Image\Commands\OrientateCommand->execute(Object(Intervention\Image\Image))
#4 /home/mijar/public_html/app/ThirdParty/intervention-image/vendor/intervention/image/src/Intervention/Image/Image.php(108): Intervention\Image\AbstractDriver->executeCommand(Object(Intervention\Image\Image), 'orientate', Array)
#5 /home/mijar/public_html/app/Models/UploadModel.php(91): Intervention\Image\Image->__call('orientate', Array)
#6 /home/mijar/public_html/app/Models/FileModel.php(40): App\Models\UploadModel->uploadPostImage('uploads/tmp/tem...', 'big')
#7 /home/mijar/public_html/app/Controllers/FileController.php(29): App\Models\FileModel->uploadImage()
#8 /home/mijar/public_html/system/CodeIgniter.php(831): App\Controllers\FileController->uploadImage()
#9 /home/mijar/public_html/system/CodeIgniter.php(418): CodeIgniter\CodeIgniter->runController(Object(App\Controllers\FileController))
#10 /home/mijar/public_html/system/CodeIgniter.php(325): CodeIgniter\CodeIgniter->handleRequest(NULL, Object(Config\Cache), false)
#11 /home/mijar/public_html/index.php(47): CodeIgniter\CodeIgniter->run()
#12 {main}
CRITICAL - 2022-06-01 15:47:58 --> Reading Exif data is not supported by this PHP installation.
#0 /home/mijar/public_html/app/ThirdParty/intervention-image/vendor/intervention/image/src/Intervention/Image/AbstractDriver.php(94): Intervention\Image\Commands\ExifCommand->execute(Object(Intervention\Image\Image))
#1 /home/mijar/public_html/app/ThirdParty/intervention-image/vendor/intervention/image/src/Intervention/Image/Image.php(108): Intervention\Image\AbstractDriver->executeCommand(Object(Intervention\Image\Image), 'exif', Array)
#2 /home/mijar/public_html/app/ThirdParty/intervention-image/vendor/intervention/image/src/Intervention/Image/Commands/OrientateCommand.php(15): Intervention\Image\Image->__call('exif', Array)
#3 /home/mijar/public_html/app/ThirdParty/intervention-image/vendor/intervention/image/src/Intervention/Image/AbstractDriver.php(94): Intervention\Image\Commands\OrientateCommand->execute(Object(Intervention\Image\Image))
#4 /home/mijar/public_html/app/ThirdParty/intervention-image/vendor/intervention/image/src/Intervention/Image/Image.php(108): Intervention\Image\AbstractDriver->executeCommand(Object(Intervention\Image\Image), 'orientate', Array)
#5 /home/mijar/public_html/app/Models/UploadModel.php(91): Intervention\Image\Image->__call('orientate', Array)
#6 /home/mijar/public_html/app/Models/FileModel.php(40): App\Models\UploadModel->uploadPostImage('uploads/tmp/tem...', 'big')
#7 /home/mijar/public_html/app/Controllers/FileController.php(29): App\Models\FileModel->uploadImage()
#8 /home/mijar/public_html/system/CodeIgniter.php(831): App\Controllers\FileController->uploadImage()
#9 /home/mijar/public_html/system/CodeIgniter.php(418): CodeIgniter\CodeIgniter->runController(Object(App\Controllers\FileController))
#10 /home/mijar/public_html/system/CodeIgniter.php(325): CodeIgniter\CodeIgniter->handleRequest(NULL, Object(Config\Cache), false)
#11 /home/mijar/public_html/index.php(47): CodeIgniter\CodeIgniter->run()
#12 {main}
CRITICAL - 2022-06-01 15:48:44 --> Reading Exif data is not supported by this PHP installation.
#0 /home/mijar/public_html/app/ThirdParty/intervention-image/vendor/intervention/image/src/Intervention/Image/AbstractDriver.php(94): Intervention\Image\Commands\ExifCommand->execute(Object(Intervention\Image\Image))
#1 /home/mijar/public_html/app/ThirdParty/intervention-image/vendor/intervention/image/src/Intervention/Image/Image.php(108): Intervention\Image\AbstractDriver->executeCommand(Object(Intervention\Image\Image), 'exif', Array)
#2 /home/mijar/public_html/app/ThirdParty/intervention-image/vendor/intervention/image/src/Intervention/Image/Commands/OrientateCommand.php(15): Intervention\Image\Image->__call('exif', Array)
#3 /home/mijar/public_html/app/ThirdParty/intervention-image/vendor/intervention/image/src/Intervention/Image/AbstractDriver.php(94): Intervention\Image\Commands\OrientateCommand->execute(Object(Intervention\Image\Image))
#4 /home/mijar/public_html/app/ThirdParty/intervention-image/vendor/intervention/image/src/Intervention/Image/Image.php(108): Intervention\Image\AbstractDriver->executeCommand(Object(Intervention\Image\Image), 'orientate', Array)
#5 /home/mijar/public_html/app/Models/UploadModel.php(91): Intervention\Image\Image->__call('orientate', Array)
#6 /home/mijar/public_html/app/Models/FileModel.php(40): App\Models\UploadModel->uploadPostImage('uploads/tmp/tem...', 'big')
#7 /home/mijar/public_html/app/Controllers/FileController.php(29): App\Models\FileModel->uploadImage()
#8 /home/mijar/public_html/system/CodeIgniter.php(831): App\Controllers\FileController->uploadImage()
#9 /home/mijar/public_html/system/CodeIgniter.php(418): CodeIgniter\CodeIgniter->runController(Object(App\Controllers\FileController))
#10 /home/mijar/public_html/system/CodeIgniter.php(325): CodeIgniter\CodeIgniter->handleRequest(NULL, Object(Config\Cache), false)
#11 /home/mijar/public_html/index.php(47): CodeIgniter\CodeIgniter->run()
#12 {main}
CRITICAL - 2022-06-01 15:52:31 --> Reading Exif data is not supported by this PHP installation.
#0 /home/mijar/public_html/app/ThirdParty/intervention-image/vendor/intervention/image/src/Intervention/Image/AbstractDriver.php(94): Intervention\Image\Commands\ExifCommand->execute(Object(Intervention\Image\Image))
#1 /home/mijar/public_html/app/ThirdParty/intervention-image/vendor/intervention/image/src/Intervention/Image/Image.php(108): Intervention\Image\AbstractDriver->executeCommand(Object(Intervention\Image\Image), 'exif', Array)
#2 /home/mijar/public_html/app/ThirdParty/intervention-image/vendor/intervention/image/src/Intervention/Image/Commands/OrientateCommand.php(15): Intervention\Image\Image->__call('exif', Array)
#3 /home/mijar/public_html/app/ThirdParty/intervention-image/vendor/intervention/image/src/Intervention/Image/AbstractDriver.php(94): Intervention\Image\Commands\OrientateCommand->execute(Object(Intervention\Image\Image))
#4 /home/mijar/public_html/app/ThirdParty/intervention-image/vendor/intervention/image/src/Intervention/Image/Image.php(108): Intervention\Image\AbstractDriver->executeCommand(Object(Intervention\Image\Image), 'orientate', Array)
#5 /home/mijar/public_html/app/Models/UploadModel.php(91): Intervention\Image\Image->__call('orientate', Array)
#6 /home/mijar/public_html/app/Models/FileModel.php(40): App\Models\UploadModel->uploadPostImage('uploads/tmp/tem...', 'big')
#7 /home/mijar/public_html/app/Controllers/FileController.php(29): App\Models\FileModel->uploadImage()
#8 /home/mijar/public_html/system/CodeIgniter.php(831): App\Controllers\FileController->uploadImage()
#9 /home/mijar/public_html/system/CodeIgniter.php(418): CodeIgniter\CodeIgniter->runController(Object(App\Controllers\FileController))
#10 /home/mijar/public_html/system/CodeIgniter.php(325): CodeIgniter\CodeIgniter->handleRequest(NULL, Object(Config\Cache), false)
#11 /home/mijar/public_html/index.php(47): CodeIgniter\CodeIgniter->run()
#12 {main}
CRITICAL - 2022-06-01 15:52:53 --> Reading Exif data is not supported by this PHP installation.
#0 /home/mijar/public_html/app/ThirdParty/intervention-image/vendor/intervention/image/src/Intervention/Image/AbstractDriver.php(94): Intervention\Image\Commands\ExifCommand->execute(Object(Intervention\Image\Image))
#1 /home/mijar/public_html/app/ThirdParty/intervention-image/vendor/intervention/image/src/Intervention/Image/Image.php(108): Intervention\Image\AbstractDriver->executeCommand(Object(Intervention\Image\Image), 'exif', Array)
#2 /home/mijar/public_html/app/ThirdParty/intervention-image/vendor/intervention/image/src/Intervention/Image/Commands/OrientateCommand.php(15): Intervention\Image\Image->__call('exif', Array)
#3 /home/mijar/public_html/app/ThirdParty/intervention-image/vendor/intervention/image/src/Intervention/Image/AbstractDriver.php(94): Intervention\Image\Commands\OrientateCommand->execute(Object(Intervention\Image\Image))
#4 /home/mijar/public_html/app/ThirdParty/intervention-image/vendor/intervention/image/src/Intervention/Image/Image.php(108): Intervention\Image\AbstractDriver->executeCommand(Object(Intervention\Image\Image), 'orientate', Array)
#5 /home/mijar/public_html/app/Models/UploadModel.php(91): Intervention\Image\Image->__call('orientate', Array)
#6 /home/mijar/public_html/app/Models/FileModel.php(40): App\Models\UploadModel->uploadPostImage('uploads/tmp/tem...', 'big')
#7 /home/mijar/public_html/app/Controllers/FileController.php(29): App\Models\FileModel->uploadImage()
#8 /home/mijar/public_html/system/CodeIgniter.php(831): App\Controllers\FileController->uploadImage()
#9 /home/mijar/public_html/system/CodeIgniter.php(418): CodeIgniter\CodeIgniter->runController(Object(App\Controllers\FileController))
#10 /home/mijar/public_html/system/CodeIgniter.php(325): CodeIgniter\CodeIgniter->handleRequest(NULL, Object(Config\Cache), false)
#11 /home/mijar/public_html/index.php(47): CodeIgniter\CodeIgniter->run()
#12 {main}
CRITICAL - 2022-06-01 15:53:47 --> Reading Exif data is not supported by this PHP installation.
#0 /home/mijar/public_html/app/ThirdParty/intervention-image/vendor/intervention/image/src/Intervention/Image/AbstractDriver.php(94): Intervention\Image\Commands\ExifCommand->execute(Object(Intervention\Image\Image))
#1 /home/mijar/public_html/app/ThirdParty/intervention-image/vendor/intervention/image/src/Intervention/Image/Image.php(108): Intervention\Image\AbstractDriver->executeCommand(Object(Intervention\Image\Image), 'exif', Array)
#2 /home/mijar/public_html/app/ThirdParty/intervention-image/vendor/intervention/image/src/Intervention/Image/Commands/OrientateCommand.php(15): Intervention\Image\Image->__call('exif', Array)
#3 /home/mijar/public_html/app/ThirdParty/intervention-image/vendor/intervention/image/src/Intervention/Image/AbstractDriver.php(94): Intervention\Image\Commands\OrientateCommand->execute(Object(Intervention\Image\Image))
#4 /home/mijar/public_html/app/ThirdParty/intervention-image/vendor/intervention/image/src/Intervention/Image/Image.php(108): Intervention\Image\AbstractDriver->executeCommand(Object(Intervention\Image\Image), 'orientate', Array)
#5 /home/mijar/public_html/app/Models/UploadModel.php(91): Intervention\Image\Image->__call('orientate', Array)
#6 /home/mijar/public_html/app/Models/FileModel.php(40): App\Models\UploadModel->uploadPostImage('uploads/tmp/tem...', 'big')
#7 /home/mijar/public_html/app/Controllers/FileController.php(29): App\Models\FileModel->uploadImage()
#8 /home/mijar/public_html/system/CodeIgniter.php(831): App\Controllers\FileController->uploadImage()
#9 /home/mijar/public_html/system/CodeIgniter.php(418): CodeIgniter\CodeIgniter->runController(Object(App\Controllers\FileController))
#10 /home/mijar/public_html/system/CodeIgniter.php(325): CodeIgniter\CodeIgniter->handleRequest(NULL, Object(Config\Cache), false)
#11 /home/mijar/public_html/index.php(47): CodeIgniter\CodeIgniter->run()
#12 {main}
CRITICAL - 2022-06-01 15:54:53 --> Reading Exif data is not supported by this PHP installation.
#0 /home/mijar/public_html/app/ThirdParty/intervention-image/vendor/intervention/image/src/Intervention/Image/AbstractDriver.php(94): Intervention\Image\Commands\ExifCommand->execute(Object(Intervention\Image\Image))
#1 /home/mijar/public_html/app/ThirdParty/intervention-image/vendor/intervention/image/src/Intervention/Image/Image.php(108): Intervention\Image\AbstractDriver->executeCommand(Object(Intervention\Image\Image), 'exif', Array)
#2 /home/mijar/public_html/app/ThirdParty/intervention-image/vendor/intervention/image/src/Intervention/Image/Commands/OrientateCommand.php(15): Intervention\Image\Image->__call('exif', Array)
#3 /home/mijar/public_html/app/ThirdParty/intervention-image/vendor/intervention/image/src/Intervention/Image/AbstractDriver.php(94): Intervention\Image\Commands\OrientateCommand->execute(Object(Intervention\Image\Image))
#4 /home/mijar/public_html/app/ThirdParty/intervention-image/vendor/intervention/image/src/Intervention/Image/Image.php(108): Intervention\Image\AbstractDriver->executeCommand(Object(Intervention\Image\Image), 'orientate', Array)
#5 /home/mijar/public_html/app/Models/UploadModel.php(91): Intervention\Image\Image->__call('orientate', Array)
#6 /home/mijar/public_html/app/Models/FileModel.php(40): App\Models\UploadModel->uploadPostImage('uploads/tmp/tem...', 'big')
#7 /home/mijar/public_html/app/Controllers/FileController.php(29): App\Models\FileModel->uploadImage()
#8 /home/mijar/public_html/system/CodeIgniter.php(831): App\Controllers\FileController->uploadImage()
#9 /home/mijar/public_html/system/CodeIgniter.php(418): CodeIgniter\CodeIgniter->runController(Object(App\Controllers\FileController))
#10 /home/mijar/public_html/system/CodeIgniter.php(325): CodeIgniter\CodeIgniter->handleRequest(NULL, Object(Config\Cache), false)
#11 /home/mijar/public_html/index.php(47): CodeIgniter\CodeIgniter->run()
#12 {main}
CRITICAL - 2022-06-01 15:55:01 --> Reading Exif data is not supported by this PHP installation.
#0 /home/mijar/public_html/app/ThirdParty/intervention-image/vendor/intervention/image/src/Intervention/Image/AbstractDriver.php(94): Intervention\Image\Commands\ExifCommand->execute(Object(Intervention\Image\Image))
#1 /home/mijar/public_html/app/ThirdParty/intervention-image/vendor/intervention/image/src/Intervention/Image/Image.php(108): Intervention\Image\AbstractDriver->executeCommand(Object(Intervention\Image\Image), 'exif', Array)
#2 /home/mijar/public_html/app/ThirdParty/intervention-image/vendor/intervention/image/src/Intervention/Image/Commands/OrientateCommand.php(15): Intervention\Image\Image->__call('exif', Array)
#3 /home/mijar/public_html/app/ThirdParty/intervention-image/vendor/intervention/image/src/Intervention/Image/AbstractDriver.php(94): Intervention\Image\Commands\OrientateCommand->execute(Object(Intervention\Image\Image))
#4 /home/mijar/public_html/app/ThirdParty/intervention-image/vendor/intervention/image/src/Intervention/Image/Image.php(108): Intervention\Image\AbstractDriver->executeCommand(Object(Intervention\Image\Image), 'orientate', Array)
#5 /home/mijar/public_html/app/Models/UploadModel.php(91): Intervention\Image\Image->__call('orientate', Array)
#6 /home/mijar/public_html/app/Models/FileModel.php(40): App\Models\UploadModel->uploadPostImage('uploads/tmp/tem...', 'big')
#7 /home/mijar/public_html/app/Controllers/FileController.php(29): App\Models\FileModel->uploadImage()
#8 /home/mijar/public_html/system/CodeIgniter.php(831): App\Controllers\FileController->uploadImage()
#9 /home/mijar/public_html/system/CodeIgniter.php(418): CodeIgniter\CodeIgniter->runController(Object(App\Controllers\FileController))
#10 /home/mijar/public_html/system/CodeIgniter.php(325): CodeIgniter\CodeIgniter->handleRequest(NULL, Object(Config\Cache), false)
#11 /home/mijar/public_html/index.php(47): CodeIgniter\CodeIgniter->run()
#12 {main}
CRITICAL - 2022-06-01 15:56:37 --> Reading Exif data is not supported by this PHP installation.
#0 /home/mijar/public_html/app/ThirdParty/intervention-image/vendor/intervention/image/src/Intervention/Image/AbstractDriver.php(94): Intervention\Image\Commands\ExifCommand->execute(Object(Intervention\Image\Image))
#1 /home/mijar/public_html/app/ThirdParty/intervention-image/vendor/intervention/image/src/Intervention/Image/Image.php(108): Intervention\Image\AbstractDriver->executeCommand(Object(Intervention\Image\Image), 'exif', Array)
#2 /home/mijar/public_html/app/ThirdParty/intervention-image/vendor/intervention/image/src/Intervention/Image/Commands/OrientateCommand.php(15): Intervention\Image\Image->__call('exif', Array)
#3 /home/mijar/public_html/app/ThirdParty/intervention-image/vendor/intervention/image/src/Intervention/Image/AbstractDriver.php(94): Intervention\Image\Commands\OrientateCommand->execute(Object(Intervention\Image\Image))
#4 /home/mijar/public_html/app/ThirdParty/intervention-image/vendor/intervention/image/src/Intervention/Image/Image.php(108): Intervention\Image\AbstractDriver->executeCommand(Object(Intervention\Image\Image), 'orientate', Array)
#5 /home/mijar/public_html/app/Models/UploadModel.php(91): Intervention\Image\Image->__call('orientate', Array)
#6 /home/mijar/public_html/app/Models/FileModel.php(40): App\Models\UploadModel->uploadPostImage('uploads/tmp/tem...', 'big')
#7 /home/mijar/public_html/app/Controllers/FileController.php(29): App\Models\FileModel->uploadImage()
#8 /home/mijar/public_html/system/CodeIgniter.php(831): App\Controllers\FileController->uploadImage()
#9 /home/mijar/public_html/system/CodeIgniter.php(418): CodeIgniter\CodeIgniter->runController(Object(App\Controllers\FileController))
#10 /home/mijar/public_html/system/CodeIgniter.php(325): CodeIgniter\CodeIgniter->handleRequest(NULL, Object(Config\Cache), false)
#11 /home/mijar/public_html/index.php(47): CodeIgniter\CodeIgniter->run()
#12 {main}
CRITICAL - 2022-06-01 15:57:47 --> Reading Exif data is not supported by this PHP installation.
#0 /home/mijar/public_html/app/ThirdParty/intervention-image/vendor/intervention/image/src/Intervention/Image/AbstractDriver.php(94): Intervention\Image\Commands\ExifCommand->execute(Object(Intervention\Image\Image))
#1 /home/mijar/public_html/app/ThirdParty/intervention-image/vendor/intervention/image/src/Intervention/Image/Image.php(108): Intervention\Image\AbstractDriver->executeCommand(Object(Intervention\Image\Image), 'exif', Array)
#2 /home/mijar/public_html/app/ThirdParty/intervention-image/vendor/intervention/image/src/Intervention/Image/Commands/OrientateCommand.php(15): Intervention\Image\Image->__call('exif', Array)
#3 /home/mijar/public_html/app/ThirdParty/intervention-image/vendor/intervention/image/src/Intervention/Image/AbstractDriver.php(94): Intervention\Image\Commands\OrientateCommand->execute(Object(Intervention\Image\Image))
#4 /home/mijar/public_html/app/ThirdParty/intervention-image/vendor/intervention/image/src/Intervention/Image/Image.php(108): Intervention\Image\AbstractDriver->executeCommand(Object(Intervention\Image\Image), 'orientate', Array)
#5 /home/mijar/public_html/app/Models/UploadModel.php(91): Intervention\Image\Image->__call('orientate', Array)
#6 /home/mijar/public_html/app/Models/FileModel.php(40): App\Models\UploadModel->uploadPostImage('uploads/tmp/tem...', 'big')
#7 /home/mijar/public_html/app/Controllers/FileController.php(29): App\Models\FileModel->uploadImage()
#8 /home/mijar/public_html/system/CodeIgniter.php(831): App\Controllers\FileController->uploadImage()
#9 /home/mijar/public_html/system/CodeIgniter.php(418): CodeIgniter\CodeIgniter->runController(Object(App\Controllers\FileController))
#10 /home/mijar/public_html/system/CodeIgniter.php(325): CodeIgniter\CodeIgniter->handleRequest(NULL, Object(Config\Cache), false)
#11 /home/mijar/public_html/index.php(47): CodeIgniter\CodeIgniter->run()
#12 {main}
CRITICAL - 2022-06-01 15:58:46 --> Reading Exif data is not supported by this PHP installation.
#0 /home/mijar/public_html/app/ThirdParty/intervention-image/vendor/intervention/image/src/Intervention/Image/AbstractDriver.php(94): Intervention\Image\Commands\ExifCommand->execute(Object(Intervention\Image\Image))
#1 /home/mijar/public_html/app/ThirdParty/intervention-image/vendor/intervention/image/src/Intervention/Image/Image.php(108): Intervention\Image\AbstractDriver->executeCommand(Object(Intervention\Image\Image), 'exif', Array)
#2 /home/mijar/public_html/app/ThirdParty/intervention-image/vendor/intervention/image/src/Intervention/Image/Commands/OrientateCommand.php(15): Intervention\Image\Image->__call('exif', Array)
#3 /home/mijar/public_html/app/ThirdParty/intervention-image/vendor/intervention/image/src/Intervention/Image/AbstractDriver.php(94): Intervention\Image\Commands\OrientateCommand->execute(Object(Intervention\Image\Image))
#4 /home/mijar/public_html/app/ThirdParty/intervention-image/vendor/intervention/image/src/Intervention/Image/Image.php(108): Intervention\Image\AbstractDriver->executeCommand(Object(Intervention\Image\Image), 'orientate', Array)
#5 /home/mijar/public_html/app/Models/UploadModel.php(91): Intervention\Image\Image->__call('orientate', Array)
#6 /home/mijar/public_html/app/Models/FileModel.php(40): App\Models\UploadModel->uploadPostImage('uploads/tmp/tem...', 'big')
#7 /home/mijar/public_html/app/Controllers/FileController.php(29): App\Models\FileModel->uploadImage()
#8 /home/mijar/public_html/system/CodeIgniter.php(831): App\Controllers\FileController->uploadImage()
#9 /home/mijar/public_html/system/CodeIgniter.php(418): CodeIgniter\CodeIgniter->runController(Object(App\Controllers\FileController))
#10 /home/mijar/public_html/system/CodeIgniter.php(325): CodeIgniter\CodeIgniter->handleRequest(NULL, Object(Config\Cache), false)
#11 /home/mijar/public_html/index.php(47): CodeIgniter\CodeIgniter->run()
#12 {main}
CRITICAL - 2022-06-01 16:03:36 --> Reading Exif data is not supported by this PHP installation.
#0 /home/mijar/public_html/app/ThirdParty/intervention-image/vendor/intervention/image/src/Intervention/Image/AbstractDriver.php(94): Intervention\Image\Commands\ExifCommand->execute(Object(Intervention\Image\Image))
#1 /home/mijar/public_html/app/ThirdParty/intervention-image/vendor/intervention/image/src/Intervention/Image/Image.php(108): Intervention\Image\AbstractDriver->executeCommand(Object(Intervention\Image\Image), 'exif', Array)
#2 /home/mijar/public_html/app/ThirdParty/intervention-image/vendor/intervention/image/src/Intervention/Image/Commands/OrientateCommand.php(15): Intervention\Image\Image->__call('exif', Array)
#3 /home/mijar/public_html/app/ThirdParty/intervention-image/vendor/intervention/image/src/Intervention/Image/AbstractDriver.php(94): Intervention\Image\Commands\OrientateCommand->execute(Object(Intervention\Image\Image))
#4 /home/mijar/public_html/app/ThirdParty/intervention-image/vendor/intervention/image/src/Intervention/Image/Image.php(108): Intervention\Image\AbstractDriver->executeCommand(Object(Intervention\Image\Image), 'orientate', Array)
#5 /home/mijar/public_html/app/Models/UploadModel.php(91): Intervention\Image\Image->__call('orientate', Array)
#6 /home/mijar/public_html/app/Models/FileModel.php(40): App\Models\UploadModel->uploadPostImage('uploads/tmp/tem...', 'big')
#7 /home/mijar/public_html/app/Controllers/FileController.php(29): App\Models\FileModel->uploadImage()
#8 /home/mijar/public_html/system/CodeIgniter.php(831): App\Controllers\FileController->uploadImage()
#9 /home/mijar/public_html/system/CodeIgniter.php(418): CodeIgniter\CodeIgniter->runController(Object(App\Controllers\FileController))
#10 /home/mijar/public_html/system/CodeIgniter.php(325): CodeIgniter\CodeIgniter->handleRequest(NULL, Object(Config\Cache), false)
#11 /home/mijar/public_html/index.php(47): CodeIgniter\CodeIgniter->run()
#12 {main}
CRITICAL - 2022-06-01 16:08:18 --> Reading Exif data is not supported by this PHP installation.
#0 /home/mijar/public_html/app/ThirdParty/intervention-image/vendor/intervention/image/src/Intervention/Image/AbstractDriver.php(94): Intervention\Image\Commands\ExifCommand->execute(Object(Intervention\Image\Image))
#1 /home/mijar/public_html/app/ThirdParty/intervention-image/vendor/intervention/image/src/Intervention/Image/Image.php(108): Intervention\Image\AbstractDriver->executeCommand(Object(Intervention\Image\Image), 'exif', Array)
#2 /home/mijar/public_html/app/ThirdParty/intervention-image/vendor/intervention/image/src/Intervention/Image/Commands/OrientateCommand.php(15): Intervention\Image\Image->__call('exif', Array)
#3 /home/mijar/public_html/app/ThirdParty/intervention-image/vendor/intervention/image/src/Intervention/Image/AbstractDriver.php(94): Intervention\Image\Commands\OrientateCommand->execute(Object(Intervention\Image\Image))
#4 /home/mijar/public_html/app/ThirdParty/intervention-image/vendor/intervention/image/src/Intervention/Image/Image.php(108): Intervention\Image\AbstractDriver->executeCommand(Object(Intervention\Image\Image), 'orientate', Array)
#5 /home/mijar/public_html/app/Models/UploadModel.php(91): Intervention\Image\Image->__call('orientate', Array)
#6 /home/mijar/public_html/app/Models/FileModel.php(40): App\Models\UploadModel->uploadPostImage('uploads/tmp/tem...', 'big')
#7 /home/mijar/public_html/app/Controllers/FileController.php(29): App\Models\FileModel->uploadImage()
#8 /home/mijar/public_html/system/CodeIgniter.php(831): App\Controllers\FileController->uploadImage()
#9 /home/mijar/public_html/system/CodeIgniter.php(418): CodeIgniter\CodeIgniter->runController(Object(App\Controllers\FileController))
#10 /home/mijar/public_html/system/CodeIgniter.php(325): CodeIgniter\CodeIgniter->handleRequest(NULL, Object(Config\Cache), false)
#11 /home/mijar/public_html/index.php(47): CodeIgniter\CodeIgniter->run()
#12 {main}
CRITICAL - 2022-06-01 17:55:58 --> Reading Exif data is not supported by this PHP installation.
#0 /home/mijar/public_html/app/ThirdParty/intervention-image/vendor/intervention/image/src/Intervention/Image/AbstractDriver.php(94): Intervention\Image\Commands\ExifCommand->execute(Object(Intervention\Image\Image))
#1 /home/mijar/public_html/app/ThirdParty/intervention-image/vendor/intervention/image/src/Intervention/Image/Image.php(108): Intervention\Image\AbstractDriver->executeCommand(Object(Intervention\Image\Image), 'exif', Array)
#2 /home/mijar/public_html/app/ThirdParty/intervention-image/vendor/intervention/image/src/Intervention/Image/Commands/OrientateCommand.php(15): Intervention\Image\Image->__call('exif', Array)
#3 /home/mijar/public_html/app/ThirdParty/intervention-image/vendor/intervention/image/src/Intervention/Image/AbstractDriver.php(94): Intervention\Image\Commands\OrientateCommand->execute(Object(Intervention\Image\Image))
#4 /home/mijar/public_html/app/ThirdParty/intervention-image/vendor/intervention/image/src/Intervention/Image/Image.php(108): Intervention\Image\AbstractDriver->executeCommand(Object(Intervention\Image\Image), 'orientate', Array)
#5 /home/mijar/public_html/app/Models/UploadModel.php(91): Intervention\Image\Image->__call('orientate', Array)
#6 /home/mijar/public_html/app/Models/FileModel.php(40): App\Models\UploadModel->uploadPostImage('uploads/tmp/tem...', 'big')
#7 /home/mijar/public_html/app/Controllers/FileController.php(29): App\Models\FileModel->uploadImage()
#8 /home/mijar/public_html/system/CodeIgniter.php(831): App\Controllers\FileController->uploadImage()
#9 /home/mijar/public_html/system/CodeIgniter.php(418): CodeIgniter\CodeIgniter->runController(Object(App\Controllers\FileController))
#10 /home/mijar/public_html/system/CodeIgniter.php(325): CodeIgniter\CodeIgniter->handleRequest(NULL, Object(Config\Cache), false)
#11 /home/mijar/public_html/index.php(47): CodeIgniter\CodeIgniter->run()
#12 {main}
CRITICAL - 2022-06-01 18:13:06 --> Reading Exif data is not supported by this PHP installation.
#0 /home/mijar/public_html/app/ThirdParty/intervention-image/vendor/intervention/image/src/Intervention/Image/AbstractDriver.php(94): Intervention\Image\Commands\ExifCommand->execute(Object(Intervention\Image\Image))
#1 /home/mijar/public_html/app/ThirdParty/intervention-image/vendor/intervention/image/src/Intervention/Image/Image.php(108): Intervention\Image\AbstractDriver->executeCommand(Object(Intervention\Image\Image), 'exif', Array)
#2 /home/mijar/public_html/app/ThirdParty/intervention-image/vendor/intervention/image/src/Intervention/Image/Commands/OrientateCommand.php(15): Intervention\Image\Image->__call('exif', Array)
#3 /home/mijar/public_html/app/ThirdParty/intervention-image/vendor/intervention/image/src/Intervention/Image/AbstractDriver.php(94): Intervention\Image\Commands\OrientateCommand->execute(Object(Intervention\Image\Image))
#4 /home/mijar/public_html/app/ThirdParty/intervention-image/vendor/intervention/image/src/Intervention/Image/Image.php(108): Intervention\Image\AbstractDriver->executeCommand(Object(Intervention\Image\Image), 'orientate', Array)
#5 /home/mijar/public_html/app/Models/UploadModel.php(91): Intervention\Image\Image->__call('orientate', Array)
#6 /home/mijar/public_html/app/Models/FileModel.php(40): App\Models\UploadModel->uploadPostImage('uploads/tmp/tem...', 'big')
#7 /home/mijar/public_html/app/Controllers/FileController.php(29): App\Models\FileModel->uploadImage()
#8 /home/mijar/public_html/system/CodeIgniter.php(831): App\Controllers\FileController->uploadImage()
#9 /home/mijar/public_html/system/CodeIgniter.php(418): CodeIgniter\CodeIgniter->runController(Object(App\Controllers\FileController))
#10 /home/mijar/public_html/system/CodeIgniter.php(325): CodeIgniter\CodeIgniter->handleRequest(NULL, Object(Config\Cache), false)
#11 /home/mijar/public_html/index.php(47): CodeIgniter\CodeIgniter->run()
#12 {main}
CRITICAL - 2022-06-01 19:30:22 --> Reading Exif data is not supported by this PHP installation.
#0 /home/mijar/public_html/app/ThirdParty/intervention-image/vendor/intervention/image/src/Intervention/Image/AbstractDriver.php(94): Intervention\Image\Commands\ExifCommand->execute(Object(Intervention\Image\Image))
#1 /home/mijar/public_html/app/ThirdParty/intervention-image/vendor/intervention/image/src/Intervention/Image/Image.php(108): Intervention\Image\AbstractDriver->executeCommand(Object(Intervention\Image\Image), 'exif', Array)
#2 /home/mijar/public_html/app/ThirdParty/intervention-image/vendor/intervention/image/src/Intervention/Image/Commands/OrientateCommand.php(15): Intervention\Image\Image->__call('exif', Array)
#3 /home/mijar/public_html/app/ThirdParty/intervention-image/vendor/intervention/image/src/Intervention/Image/AbstractDriver.php(94): Intervention\Image\Commands\OrientateCommand->execute(Object(Intervention\Image\Image))
#4 /home/mijar/public_html/app/ThirdParty/intervention-image/vendor/intervention/image/src/Intervention/Image/Image.php(108): Intervention\Image\AbstractDriver->executeCommand(Object(Intervention\Image\Image), 'orientate', Array)
#5 /home/mijar/public_html/app/Models/UploadModel.php(91): Intervention\Image\Image->__call('orientate', Array)
#6 /home/mijar/public_html/app/Models/FileModel.php(40): App\Models\UploadModel->uploadPostImage('uploads/tmp/tem...', 'big')
#7 /home/mijar/public_html/app/Controllers/FileController.php(29): App\Models\FileModel->uploadImage()
#8 /home/mijar/public_html/system/CodeIgniter.php(831): App\Controllers\FileController->uploadImage()
#9 /home/mijar/public_html/system/CodeIgniter.php(418): CodeIgniter\CodeIgniter->runController(Object(App\Controllers\FileController))
#10 /home/mijar/public_html/system/CodeIgniter.php(325): CodeIgniter\CodeIgniter->handleRequest(NULL, Object(Config\Cache), false)
#11 /home/mijar/public_html/index.php(47): CodeIgniter\CodeIgniter->run()
#12 {main}
CRITICAL - 2022-06-01 19:30:48 --> Reading Exif data is not supported by this PHP installation.
#0 /home/mijar/public_html/app/ThirdParty/intervention-image/vendor/intervention/image/src/Intervention/Image/AbstractDriver.php(94): Intervention\Image\Commands\ExifCommand->execute(Object(Intervention\Image\Image))
#1 /home/mijar/public_html/app/ThirdParty/intervention-image/vendor/intervention/image/src/Intervention/Image/Image.php(108): Intervention\Image\AbstractDriver->executeCommand(Object(Intervention\Image\Image), 'exif', Array)
#2 /home/mijar/public_html/app/ThirdParty/intervention-image/vendor/intervention/image/src/Intervention/Image/Commands/OrientateCommand.php(15): Intervention\Image\Image->__call('exif', Array)
#3 /home/mijar/public_html/app/ThirdParty/intervention-image/vendor/intervention/image/src/Intervention/Image/AbstractDriver.php(94): Intervention\Image\Commands\OrientateCommand->execute(Object(Intervention\Image\Image))
#4 /home/mijar/public_html/app/ThirdParty/intervention-image/vendor/intervention/image/src/Intervention/Image/Image.php(108): Intervention\Image\AbstractDriver->executeCommand(Object(Intervention\Image\Image), 'orientate', Array)
#5 /home/mijar/public_html/app/Models/UploadModel.php(91): Intervention\Image\Image->__call('orientate', Array)
#6 /home/mijar/public_html/app/Models/FileModel.php(40): App\Models\UploadModel->uploadPostImage('uploads/tmp/tem...', 'big')
#7 /home/mijar/public_html/app/Controllers/FileController.php(29): App\Models\FileModel->uploadImage()
#8 /home/mijar/public_html/system/CodeIgniter.php(831): App\Controllers\FileController->uploadImage()
#9 /home/mijar/public_html/system/CodeIgniter.php(418): CodeIgniter\CodeIgniter->runController(Object(App\Controllers\FileController))
#10 /home/mijar/public_html/system/CodeIgniter.php(325): CodeIgniter\CodeIgniter->handleRequest(NULL, Object(Config\Cache), false)
#11 /home/mijar/public_html/index.php(47): CodeIgniter\CodeIgniter->run()
#12 {main}
CRITICAL - 2022-06-01 19:34:21 --> Reading Exif data is not supported by this PHP installation.
#0 /home/mijar/public_html/app/ThirdParty/intervention-image/vendor/intervention/image/src/Intervention/Image/AbstractDriver.php(94): Intervention\Image\Commands\ExifCommand->execute(Object(Intervention\Image\Image))
#1 /home/mijar/public_html/app/ThirdParty/intervention-image/vendor/intervention/image/src/Intervention/Image/Image.php(108): Intervention\Image\AbstractDriver->executeCommand(Object(Intervention\Image\Image), 'exif', Array)
#2 /home/mijar/public_html/app/ThirdParty/intervention-image/vendor/intervention/image/src/Intervention/Image/Commands/OrientateCommand.php(15): Intervention\Image\Image->__call('exif', Array)
#3 /home/mijar/public_html/app/ThirdParty/intervention-image/vendor/intervention/image/src/Intervention/Image/AbstractDriver.php(94): Intervention\Image\Commands\OrientateCommand->execute(Object(Intervention\Image\Image))
#4 /home/mijar/public_html/app/ThirdParty/intervention-image/vendor/intervention/image/src/Intervention/Image/Image.php(108): Intervention\Image\AbstractDriver->executeCommand(Object(Intervention\Image\Image), 'orientate', Array)
#5 /home/mijar/public_html/app/Models/UploadModel.php(91): Intervention\Image\Image->__call('orientate', Array)
#6 /home/mijar/public_html/app/Models/FileModel.php(40): App\Models\UploadModel->uploadPostImage('uploads/tmp/tem...', 'big')
#7 /home/mijar/public_html/app/Controllers/FileController.php(29): App\Models\FileModel->uploadImage()
#8 /home/mijar/public_html/system/CodeIgniter.php(831): App\Controllers\FileController->uploadImage()
#9 /home/mijar/public_html/system/CodeIgniter.php(418): CodeIgniter\CodeIgniter->runController(Object(App\Controllers\FileController))
#10 /home/mijar/public_html/system/CodeIgniter.php(325): CodeIgniter\CodeIgniter->handleRequest(NULL, Object(Config\Cache), false)
#11 /home/mijar/public_html/index.php(47): CodeIgniter\CodeIgniter->run()
#12 {main}
CRITICAL - 2022-06-01 19:34:34 --> Reading Exif data is not supported by this PHP installation.
#0 /home/mijar/public_html/app/ThirdParty/intervention-image/vendor/intervention/image/src/Intervention/Image/AbstractDriver.php(94): Intervention\Image\Commands\ExifCommand->execute(Object(Intervention\Image\Image))
#1 /home/mijar/public_html/app/ThirdParty/intervention-image/vendor/intervention/image/src/Intervention/Image/Image.php(108): Intervention\Image\AbstractDriver->executeCommand(Object(Intervention\Image\Image), 'exif', Array)
#2 /home/mijar/public_html/app/ThirdParty/intervention-image/vendor/intervention/image/src/Intervention/Image/Commands/OrientateCommand.php(15): Intervention\Image\Image->__call('exif', Array)
#3 /home/mijar/public_html/app/ThirdParty/intervention-image/vendor/intervention/image/src/Intervention/Image/AbstractDriver.php(94): Intervention\Image\Commands\OrientateCommand->execute(Object(Intervention\Image\Image))
#4 /home/mijar/public_html/app/ThirdParty/intervention-image/vendor/intervention/image/src/Intervention/Image/Image.php(108): Intervention\Image\AbstractDriver->executeCommand(Object(Intervention\Image\Image), 'orientate', Array)
#5 /home/mijar/public_html/app/Models/UploadModel.php(91): Intervention\Image\Image->__call('orientate', Array)
#6 /home/mijar/public_html/app/Models/FileModel.php(40): App\Models\UploadModel->uploadPostImage('uploads/tmp/tem...', 'big')
#7 /home/mijar/public_html/app/Controllers/FileController.php(29): App\Models\FileModel->uploadImage()
#8 /home/mijar/public_html/system/CodeIgniter.php(831): App\Controllers\FileController->uploadImage()
#9 /home/mijar/public_html/system/CodeIgniter.php(418): CodeIgniter\CodeIgniter->runController(Object(App\Controllers\FileController))
#10 /home/mijar/public_html/system/CodeIgniter.php(325): CodeIgniter\CodeIgniter->handleRequest(NULL, Object(Config\Cache), false)
#11 /home/mijar/public_html/index.php(47): CodeIgniter\CodeIgniter->run()
#12 {main}
CRITICAL - 2022-06-01 23:32:15 --> Reading Exif data is not supported by this PHP installation.
#0 /home/mijar/public_html/app/ThirdParty/intervention-image/vendor/intervention/image/src/Intervention/Image/AbstractDriver.php(94): Intervention\Image\Commands\ExifCommand->execute(Object(Intervention\Image\Image))
#1 /home/mijar/public_html/app/ThirdParty/intervention-image/vendor/intervention/image/src/Intervention/Image/Image.php(108): Intervention\Image\AbstractDriver->executeCommand(Object(Intervention\Image\Image), 'exif', Array)
#2 /home/mijar/public_html/app/ThirdParty/intervention-image/vendor/intervention/image/src/Intervention/Image/Commands/OrientateCommand.php(15): Intervention\Image\Image->__call('exif', Array)
#3 /home/mijar/public_html/app/ThirdParty/intervention-image/vendor/intervention/image/src/Intervention/Image/AbstractDriver.php(94): Intervention\Image\Commands\OrientateCommand->execute(Object(Intervention\Image\Image))
#4 /home/mijar/public_html/app/ThirdParty/intervention-image/vendor/intervention/image/src/Intervention/Image/Image.php(108): Intervention\Image\AbstractDriver->executeCommand(Object(Intervention\Image\Image), 'orientate', Array)
#5 /home/mijar/public_html/app/Models/UploadModel.php(91): Intervention\Image\Image->__call('orientate', Array)
#6 /home/mijar/public_html/app/Models/FileModel.php(40): App\Models\UploadModel->uploadPostImage('uploads/tmp/tem...', 'big')
#7 /home/mijar/public_html/app/Controllers/FileController.php(29): App\Models\FileModel->uploadImage()
#8 /home/mijar/public_html/system/CodeIgniter.php(831): App\Controllers\FileController->uploadImage()
#9 /home/mijar/public_html/system/CodeIgniter.php(418): CodeIgniter\CodeIgniter->runController(Object(App\Controllers\FileController))
#10 /home/mijar/public_html/system/CodeIgniter.php(325): CodeIgniter\CodeIgniter->handleRequest(NULL, Object(Config\Cache), false)
#11 /home/mijar/public_html/index.php(47): CodeIgniter\CodeIgniter->run()
#12 {main}
CRITICAL - 2022-06-01 23:39:27 --> Reading Exif data is not supported by this PHP installation.
#0 /home/mijar/public_html/app/ThirdParty/intervention-image/vendor/intervention/image/src/Intervention/Image/AbstractDriver.php(94): Intervention\Image\Commands\ExifCommand->execute(Object(Intervention\Image\Image))
#1 /home/mijar/public_html/app/ThirdParty/intervention-image/vendor/intervention/image/src/Intervention/Image/Image.php(108): Intervention\Image\AbstractDriver->executeCommand(Object(Intervention\Image\Image), 'exif', Array)
#2 /home/mijar/public_html/app/ThirdParty/intervention-image/vendor/intervention/image/src/Intervention/Image/Commands/OrientateCommand.php(15): Intervention\Image\Image->__call('exif', Array)
#3 /home/mijar/public_html/app/ThirdParty/intervention-image/vendor/intervention/image/src/Intervention/Image/AbstractDriver.php(94): Intervention\Image\Commands\OrientateCommand->execute(Object(Intervention\Image\Image))
#4 /home/mijar/public_html/app/ThirdParty/intervention-image/vendor/intervention/image/src/Intervention/Image/Image.php(108): Intervention\Image\AbstractDriver->executeCommand(Object(Intervention\Image\Image), 'orientate', Array)
#5 /home/mijar/public_html/app/Models/UploadModel.php(91): Intervention\Image\Image->__call('orientate', Array)
#6 /home/mijar/public_html/app/Models/FileModel.php(40): App\Models\UploadModel->uploadPostImage('uploads/tmp/tem...', 'big')
#7 /home/mijar/public_html/app/Controllers/FileController.php(29): App\Models\FileModel->uploadImage()
#8 /home/mijar/public_html/system/CodeIgniter.php(831): App\Controllers\FileController->uploadImage()
#9 /home/mijar/public_html/system/CodeIgniter.php(418): CodeIgniter\CodeIgniter->runController(Object(App\Controllers\FileController))
#10 /home/mijar/public_html/system/CodeIgniter.php(325): CodeIgniter\CodeIgniter->handleRequest(NULL, Object(Config\Cache), false)
#11 /home/mijar/public_html/index.php(47): CodeIgniter\CodeIgniter->run()
#12 {main}
CRITICAL - 2022-06-01 23:39:40 --> Reading Exif data is not supported by this PHP installation.
#0 /home/mijar/public_html/app/ThirdParty/intervention-image/vendor/intervention/image/src/Intervention/Image/AbstractDriver.php(94): Intervention\Image\Commands\ExifCommand->execute(Object(Intervention\Image\Image))
#1 /home/mijar/public_html/app/ThirdParty/intervention-image/vendor/intervention/image/src/Intervention/Image/Image.php(108): Intervention\Image\AbstractDriver->executeCommand(Object(Intervention\Image\Image), 'exif', Array)
#2 /home/mijar/public_html/app/ThirdParty/intervention-image/vendor/intervention/image/src/Intervention/Image/Commands/OrientateCommand.php(15): Intervention\Image\Image->__call('exif', Array)
#3 /home/mijar/public_html/app/ThirdParty/intervention-image/vendor/intervention/image/src/Intervention/Image/AbstractDriver.php(94): Intervention\Image\Commands\OrientateCommand->execute(Object(Intervention\Image\Image))
#4 /home/mijar/public_html/app/ThirdParty/intervention-image/vendor/intervention/image/src/Intervention/Image/Image.php(108): Intervention\Image\AbstractDriver->executeCommand(Object(Intervention\Image\Image), 'orientate', Array)
#5 /home/mijar/public_html/app/Models/UploadModel.php(91): Intervention\Image\Image->__call('orientate', Array)
#6 /home/mijar/public_html/app/Models/FileModel.php(40): App\Models\UploadModel->uploadPostImage('uploads/tmp/tem...', 'big')
#7 /home/mijar/public_html/app/Controllers/FileController.php(29): App\Models\FileModel->uploadImage()
#8 /home/mijar/public_html/system/CodeIgniter.php(831): App\Controllers\FileController->uploadImage()
#9 /home/mijar/public_html/system/CodeIgniter.php(418): CodeIgniter\CodeIgniter->runController(Object(App\Controllers\FileController))
#10 /home/mijar/public_html/system/CodeIgniter.php(325): CodeIgniter\CodeIgniter->handleRequest(NULL, Object(Config\Cache), false)
#11 /home/mijar/public_html/index.php(47): CodeIgniter\CodeIgniter->run()
#12 {main}
CRITICAL - 2022-06-01 23:53:21 --> Reading Exif data is not supported by this PHP installation.
#0 /home/mijar/public_html/app/ThirdParty/intervention-image/vendor/intervention/image/src/Intervention/Image/AbstractDriver.php(94): Intervention\Image\Commands\ExifCommand->execute(Object(Intervention\Image\Image))
#1 /home/mijar/public_html/app/ThirdParty/intervention-image/vendor/intervention/image/src/Intervention/Image/Image.php(108): Intervention\Image\AbstractDriver->executeCommand(Object(Intervention\Image\Image), 'exif', Array)
#2 /home/mijar/public_html/app/ThirdParty/intervention-image/vendor/intervention/image/src/Intervention/Image/Commands/OrientateCommand.php(15): Intervention\Image\Image->__call('exif', Array)
#3 /home/mijar/public_html/app/ThirdParty/intervention-image/vendor/intervention/image/src/Intervention/Image/AbstractDriver.php(94): Intervention\Image\Commands\OrientateCommand->execute(Object(Intervention\Image\Image))
#4 /home/mijar/public_html/app/ThirdParty/intervention-image/vendor/intervention/image/src/Intervention/Image/Image.php(108): Intervention\Image\AbstractDriver->executeCommand(Object(Intervention\Image\Image), 'orientate', Array)
#5 /home/mijar/public_html/app/Models/UploadModel.php(137): Intervention\Image\Image->__call('orientate', Array)
#6 /home/mijar/public_html/app/Models/GalleryModel.php(57): App\Models\UploadModel->uploadGalleryImage('/home/mijar/pub...', 1920)
#7 /home/mijar/public_html/app/Controllers/GalleryController.php(58): App\Models\GalleryModel->addImage()
#8 /home/mijar/public_html/system/CodeIgniter.php(831): App\Controllers\GalleryController->addImagePost()
#9 /home/mijar/public_html/system/CodeIgniter.php(418): CodeIgniter\CodeIgniter->runController(Object(App\Controllers\GalleryController))
#10 /home/mijar/public_html/system/CodeIgniter.php(325): CodeIgniter\CodeIgniter->handleRequest(NULL, Object(Config\Cache), false)
#11 /home/mijar/public_html/index.php(47): CodeIgniter\CodeIgniter->run()
#12 {main}
CRITICAL - 2022-06-01 23:54:17 --> Reading Exif data is not supported by this PHP installation.
#0 /home/mijar/public_html/app/ThirdParty/intervention-image/vendor/intervention/image/src/Intervention/Image/AbstractDriver.php(94): Intervention\Image\Commands\ExifCommand->execute(Object(Intervention\Image\Image))
#1 /home/mijar/public_html/app/ThirdParty/intervention-image/vendor/intervention/image/src/Intervention/Image/Image.php(108): Intervention\Image\AbstractDriver->executeCommand(Object(Intervention\Image\Image), 'exif', Array)
#2 /home/mijar/public_html/app/ThirdParty/intervention-image/vendor/intervention/image/src/Intervention/Image/Commands/OrientateCommand.php(15): Intervention\Image\Image->__call('exif', Array)
#3 /home/mijar/public_html/app/ThirdParty/intervention-image/vendor/intervention/image/src/Intervention/Image/AbstractDriver.php(94): Intervention\Image\Commands\OrientateCommand->execute(Object(Intervention\Image\Image))
#4 /home/mijar/public_html/app/ThirdParty/intervention-image/vendor/intervention/image/src/Intervention/Image/Image.php(108): Intervention\Image\AbstractDriver->executeCommand(Object(Intervention\Image\Image), 'orientate', Array)
#5 /home/mijar/public_html/app/Models/UploadModel.php(137): Intervention\Image\Image->__call('orientate', Array)
#6 /home/mijar/public_html/app/Models/GalleryModel.php(57): App\Models\UploadModel->uploadGalleryImage('/home/mijar/pub...', 1920)
#7 /home/mijar/public_html/app/Controllers/GalleryController.php(58): App\Models\GalleryModel->addImage()
#8 /home/mijar/public_html/system/CodeIgniter.php(831): App\Controllers\GalleryController->addImagePost()
#9 /home/mijar/public_html/system/CodeIgniter.php(418): CodeIgniter\CodeIgniter->runController(Object(App\Controllers\GalleryController))
#10 /home/mijar/public_html/system/CodeIgniter.php(325): CodeIgniter\CodeIgniter->handleRequest(NULL, Object(Config\Cache), false)
#11 /home/mijar/public_html/index.php(47): CodeIgniter\CodeIgniter->run()
#12 {main}
CRITICAL - 2022-06-01 23:54:32 --> Reading Exif data is not supported by this PHP installation.
#0 /home/mijar/public_html/app/ThirdParty/intervention-image/vendor/intervention/image/src/Intervention/Image/AbstractDriver.php(94): Intervention\Image\Commands\ExifCommand->execute(Object(Intervention\Image\Image))
#1 /home/mijar/public_html/app/ThirdParty/intervention-image/vendor/intervention/image/src/Intervention/Image/Image.php(108): Intervention\Image\AbstractDriver->executeCommand(Object(Intervention\Image\Image), 'exif', Array)
#2 /home/mijar/public_html/app/ThirdParty/intervention-image/vendor/intervention/image/src/Intervention/Image/Commands/OrientateCommand.php(15): Intervention\Image\Image->__call('exif', Array)
#3 /home/mijar/public_html/app/ThirdParty/intervention-image/vendor/intervention/image/src/Intervention/Image/AbstractDriver.php(94): Intervention\Image\Commands\OrientateCommand->execute(Object(Intervention\Image\Image))
#4 /home/mijar/public_html/app/ThirdParty/intervention-image/vendor/intervention/image/src/Intervention/Image/Image.php(108): Intervention\Image\AbstractDriver->executeCommand(Object(Intervention\Image\Image), 'orientate', Array)
#5 /home/mijar/public_html/app/Models/UploadModel.php(137): Intervention\Image\Image->__call('orientate', Array)
#6 /home/mijar/public_html/app/Models/GalleryModel.php(57): App\Models\UploadModel->uploadGalleryImage('/home/mijar/pub...', 1920)
#7 /home/mijar/public_html/app/Controllers/GalleryController.php(58): App\Models\GalleryModel->addImage()
#8 /home/mijar/public_html/system/CodeIgniter.php(831): App\Controllers\GalleryController->addImagePost()
#9 /home/mijar/public_html/system/CodeIgniter.php(418): CodeIgniter\CodeIgniter->runController(Object(App\Controllers\GalleryController))
#10 /home/mijar/public_html/system/CodeIgniter.php(325): CodeIgniter\CodeIgniter->handleRequest(NULL, Object(Config\Cache), false)
#11 /home/mijar/public_html/index.php(47): CodeIgniter\CodeIgniter->run()
#12 {main}
CRITICAL - 2022-06-01 23:57:56 --> Reading Exif data is not supported by this PHP installation.
#0 /home/mijar/public_html/app/ThirdParty/intervention-image/vendor/intervention/image/src/Intervention/Image/AbstractDriver.php(94): Intervention\Image\Commands\ExifCommand->execute(Object(Intervention\Image\Image))
#1 /home/mijar/public_html/app/ThirdParty/intervention-image/vendor/intervention/image/src/Intervention/Image/Image.php(108): Intervention\Image\AbstractDriver->executeCommand(Object(Intervention\Image\Image), 'exif', Array)
#2 /home/mijar/public_html/app/ThirdParty/intervention-image/vendor/intervention/image/src/Intervention/Image/Commands/OrientateCommand.php(15): Intervention\Image\Image->__call('exif', Array)
#3 /home/mijar/public_html/app/ThirdParty/intervention-image/vendor/intervention/image/src/Intervention/Image/AbstractDriver.php(94): Intervention\Image\Commands\OrientateCommand->execute(Object(Intervention\Image\Image))
#4 /home/mijar/public_html/app/ThirdParty/intervention-image/vendor/intervention/image/src/Intervention/Image/Image.php(108): Intervention\Image\AbstractDriver->executeCommand(Object(Intervention\Image\Image), 'orientate', Array)
#5 /home/mijar/public_html/app/Models/UploadModel.php(137): Intervention\Image\Image->__call('orientate', Array)
#6 /home/mijar/public_html/app/Models/GalleryModel.php(57): App\Models\UploadModel->uploadGalleryImage('/home/mijar/pub...', 1920)
#7 /home/mijar/public_html/app/Controllers/GalleryController.php(58): App\Models\GalleryModel->addImage()
#8 /home/mijar/public_html/system/CodeIgniter.php(831): App\Controllers\GalleryController->addImagePost()
#9 /home/mijar/public_html/system/CodeIgniter.php(418): CodeIgniter\CodeIgniter->runController(Object(App\Controllers\GalleryController))
#10 /home/mijar/public_html/system/CodeIgniter.php(325): CodeIgniter\CodeIgniter->handleRequest(NULL, Object(Config\Cache), false)
#11 /home/mijar/public_html/index.php(47): CodeIgniter\CodeIgniter->run()
#12 {main}
